<?xml version="1.0" encoding="UTF-8"?>
<robot generator="Robot 3.1.1 (Python 3.7.0 on darwin)" generated="20190118 00:34:15.819" rpa="false">
<suite id="s1" name="ApiTest" source="/Users/songxiao/git/repository/ApiTest">
<suite id="s1-s1" name="作为辅导" source="/Users/songxiao/git/repository/ApiTest/作为辅导">
<suite id="s1-s1-s1" name="Zwtools Online Api" source="/Users/songxiao/git/repository/ApiTest/作为辅导/zwtools_online_api.robot">
<kw name="Connect Session" type="setup">
<kw name="Create Dictionary" library="BuiltIn">
<doc>Creates and returns a dictionary based on the given ``items``.</doc>
<arguments>
<arg>UA=${UA}</arg>
</arguments>
<assign>
<var>&amp;{header}</var>
</assign>
<msg timestamp="20190118 00:34:16.103" level="INFO">&amp;{header} = { UA=Mozilla/5.0 (Linux; Android 9; MIX 3 Build/PKQ1.180729.001; wv) AppleWebKit/537.36 (KHTML, like Gecko) Version/4.0 Chrome/68.0.3440.91 Mobile Safari/537.36patriarch/7.3 (android;9;Scale/2.75,1080...</msg>
<status status="PASS" starttime="20190118 00:34:16.103" endtime="20190118 00:34:16.103"></status>
</kw>
<kw name="Create Dictionary" library="BuiltIn">
<doc>Creates and returns a dictionary based on the given ``items``.</doc>
<arguments>
<arg>_ga=${cookie1}</arg>
<arg>FDX_auth=${cookie2}</arg>
<arg>api_key=${cookie2}</arg>
<arg>_gat=${cookie3}</arg>
</arguments>
<assign>
<var>&amp;{cookies}</var>
</assign>
<msg timestamp="20190118 00:34:16.104" level="INFO">&amp;{cookies} = { _ga=GA1.2.385320673.1546968303 | FDX_auth=f79abcc31cg8pUDt5EN7mhErAKlUsYT9EHJfKx8PYGkGxU34tunX5CtzNgBPTN6rZG9uNHqsG%2BFxVclbpi%2F3aXNGoxEzktHUNR7TgByp75qaA | api_key=f79abcc31cg8pUDt5EN7mhErAKlUsYT9...</msg>
<status status="PASS" starttime="20190118 00:34:16.104" endtime="20190118 00:34:16.104"></status>
</kw>
<kw name="Create Session" library="RequestsLibrary">
<doc>Create Session: create a HTTP session to a server</doc>
<arguments>
<arg>zwtoolsapi</arg>
<arg>${SERVER}</arg>
<arg>${header}</arg>
<arg>${cookies}</arg>
<arg>disable_warnings=1</arg>
</arguments>
<msg timestamp="20190118 00:34:16.105" level="INFO">Creating Session using : alias=zwtoolsapi, url=https://webapp.jzb.com, headers={'UA': 'Mozilla/5.0 (Linux; Android 9; MIX 3 Build/PKQ1.180729.001; wv) AppleWebKit/537.36 (KHTML, like Gecko) Version/4.0 Chrome/68.0.3440.91 Mobile Safari/537.36patriarch/7.3 (android;9;Scale/2.75,1080*2210)'},                     cookies={'_ga': 'GA1.2.385320673.1546968303', 'FDX_auth': 'f79abcc31cg8pUDt5EN7mhErAKlUsYT9EHJfKx8PYGkGxU34tunX5CtzNgBPTN6rZG9uNHqsG%2BFxVclbpi%2F3aXNGoxEzktHUNR7TgByp75qaA', 'api_key': 'f79abcc31cg8pUDt5EN7mhErAKlUsYT9EHJfKx8PYGkGxU34tunX5CtzNgBPTN6rZG9uNHqsG%2BFxVclbpi%2F3aXNGoxEzktHUNR7TgByp75qaA', '_gat': '1'}, auth=None, timeout=None, proxies=None, verify=False,                     debug=0 </msg>
<status status="PASS" starttime="20190118 00:34:16.105" endtime="20190118 00:34:16.105"></status>
</kw>
<status status="PASS" starttime="20190118 00:34:16.102" endtime="20190118 00:34:16.106"></status>
</kw>
<test id="s1-s1-s1-t1" name="首页">
<kw name="Setup Test" type="setup">
<kw name="Log" library="BuiltIn">
<doc>Logs the given message with the given level.</doc>
<arguments>
<arg>*-*-*-*-*-*-*-*-*-* Start Test *-*-*-*-*-*-*-*-*-*</arg>
</arguments>
<msg timestamp="20190118 00:34:16.107" level="INFO">*-*-*-*-*-*-*-*-*-* Start Test *-*-*-*-*-*-*-*-*-*</msg>
<status status="PASS" starttime="20190118 00:34:16.107" endtime="20190118 00:34:16.107"></status>
</kw>
<status status="PASS" starttime="20190118 00:34:16.106" endtime="20190118 00:34:16.107"></status>
</kw>
<kw name="Get Method">
<arguments>
<arg>/zwtools/index</arg>
</arguments>
<assign>
<var>${resp}</var>
</assign>
<kw name="Get Request" library="RequestsLibrary">
<doc>Send a GET request on the session object found using the
given `alias`</doc>
<arguments>
<arg>${host}</arg>
<arg>${uri}</arg>
</arguments>
<assign>
<var>${response}</var>
</assign>
<msg timestamp="20190118 00:34:16.412" level="INFO">Get Request using : alias=zwtoolsapi, uri=/zwtools/index, headers=None json=None</msg>
<msg timestamp="20190118 00:34:16.412" level="INFO">${response} = &lt;Response [200]&gt;</msg>
<status status="PASS" starttime="20190118 00:34:16.108" endtime="20190118 00:34:16.413"></status>
</kw>
<kw name="Should Be True" library="BuiltIn">
<doc>Fails if the given condition is not true.</doc>
<arguments>
<arg>${response.status_code}==200</arg>
</arguments>
<status status="PASS" starttime="20190118 00:34:16.413" endtime="20190118 00:34:16.415"></status>
</kw>
<msg timestamp="20190118 00:34:16.416" level="INFO">${resp} = {"errcode":0,"errmsg":"操作成功","version":"1.0","res":{"day_material":{"id":"233291","intro":"海底里有一个瓶子，这瓶子里困着一个巨魔。那是五百年前一个神仙把巨魔...","title":"哲理故事（四）"},"excellence":{"list":[{"id":"255881","intro":"这手抄报是老...</msg>
<status status="PASS" starttime="20190118 00:34:16.108" endtime="20190118 00:34:16.417"></status>
</kw>
<kw name="Create List" library="BuiltIn">
<doc>Returns a list containing given items.</doc>
<arguments>
<arg>errmsg</arg>
<arg>day_material</arg>
<arg>id</arg>
<arg>intro</arg>
<arg>title</arg>
<arg>excellence</arg>
<arg>typeid</arg>
<arg>typename</arg>
<arg>user_grade</arg>
<arg>name</arg>
<arg>total</arg>
<arg>state</arg>
</arguments>
<assign>
<var>@{element}</var>
</assign>
<msg timestamp="20190118 00:34:16.418" level="INFO">@{element} = [ errmsg | day_material | id | intro | title | excellence | typeid | typename | user_grade | name | total | state ]</msg>
<status status="PASS" starttime="20190118 00:34:16.417" endtime="20190118 00:34:16.419"></status>
</kw>
<kw name="${i} IN [ @{element} ]" type="for">
<kw name="${i} = errmsg" type="foritem">
<kw name="Should Contain" library="BuiltIn">
<doc>Fails if ``container`` does not contain ``item`` one or more times.</doc>
<arguments>
<arg>${resp}</arg>
<arg>${i}</arg>
</arguments>
<status status="PASS" starttime="20190118 00:34:16.422" endtime="20190118 00:34:16.424"></status>
</kw>
<status status="PASS" starttime="20190118 00:34:16.420" endtime="20190118 00:34:16.424"></status>
</kw>
<kw name="${i} = day_material" type="foritem">
<kw name="Should Contain" library="BuiltIn">
<doc>Fails if ``container`` does not contain ``item`` one or more times.</doc>
<arguments>
<arg>${resp}</arg>
<arg>${i}</arg>
</arguments>
<status status="PASS" starttime="20190118 00:34:16.427" endtime="20190118 00:34:16.430"></status>
</kw>
<status status="PASS" starttime="20190118 00:34:16.425" endtime="20190118 00:34:16.432"></status>
</kw>
<kw name="${i} = id" type="foritem">
<kw name="Should Contain" library="BuiltIn">
<doc>Fails if ``container`` does not contain ``item`` one or more times.</doc>
<arguments>
<arg>${resp}</arg>
<arg>${i}</arg>
</arguments>
<status status="PASS" starttime="20190118 00:34:16.436" endtime="20190118 00:34:16.438"></status>
</kw>
<status status="PASS" starttime="20190118 00:34:16.435" endtime="20190118 00:34:16.439"></status>
</kw>
<kw name="${i} = intro" type="foritem">
<kw name="Should Contain" library="BuiltIn">
<doc>Fails if ``container`` does not contain ``item`` one or more times.</doc>
<arguments>
<arg>${resp}</arg>
<arg>${i}</arg>
</arguments>
<status status="PASS" starttime="20190118 00:34:16.443" endtime="20190118 00:34:16.446"></status>
</kw>
<status status="PASS" starttime="20190118 00:34:16.441" endtime="20190118 00:34:16.446"></status>
</kw>
<kw name="${i} = title" type="foritem">
<kw name="Should Contain" library="BuiltIn">
<doc>Fails if ``container`` does not contain ``item`` one or more times.</doc>
<arguments>
<arg>${resp}</arg>
<arg>${i}</arg>
</arguments>
<status status="PASS" starttime="20190118 00:34:16.447" endtime="20190118 00:34:16.448"></status>
</kw>
<status status="PASS" starttime="20190118 00:34:16.446" endtime="20190118 00:34:16.449"></status>
</kw>
<kw name="${i} = excellence" type="foritem">
<kw name="Should Contain" library="BuiltIn">
<doc>Fails if ``container`` does not contain ``item`` one or more times.</doc>
<arguments>
<arg>${resp}</arg>
<arg>${i}</arg>
</arguments>
<status status="PASS" starttime="20190118 00:34:16.453" endtime="20190118 00:34:16.454"></status>
</kw>
<status status="PASS" starttime="20190118 00:34:16.451" endtime="20190118 00:34:16.454"></status>
</kw>
<kw name="${i} = typeid" type="foritem">
<kw name="Should Contain" library="BuiltIn">
<doc>Fails if ``container`` does not contain ``item`` one or more times.</doc>
<arguments>
<arg>${resp}</arg>
<arg>${i}</arg>
</arguments>
<status status="PASS" starttime="20190118 00:34:16.455" endtime="20190118 00:34:16.455"></status>
</kw>
<status status="PASS" starttime="20190118 00:34:16.454" endtime="20190118 00:34:16.455"></status>
</kw>
<kw name="${i} = typename" type="foritem">
<kw name="Should Contain" library="BuiltIn">
<doc>Fails if ``container`` does not contain ``item`` one or more times.</doc>
<arguments>
<arg>${resp}</arg>
<arg>${i}</arg>
</arguments>
<status status="PASS" starttime="20190118 00:34:16.456" endtime="20190118 00:34:16.456"></status>
</kw>
<status status="PASS" starttime="20190118 00:34:16.456" endtime="20190118 00:34:16.456"></status>
</kw>
<kw name="${i} = user_grade" type="foritem">
<kw name="Should Contain" library="BuiltIn">
<doc>Fails if ``container`` does not contain ``item`` one or more times.</doc>
<arguments>
<arg>${resp}</arg>
<arg>${i}</arg>
</arguments>
<status status="PASS" starttime="20190118 00:34:16.457" endtime="20190118 00:34:16.457"></status>
</kw>
<status status="PASS" starttime="20190118 00:34:16.456" endtime="20190118 00:34:16.457"></status>
</kw>
<kw name="${i} = name" type="foritem">
<kw name="Should Contain" library="BuiltIn">
<doc>Fails if ``container`` does not contain ``item`` one or more times.</doc>
<arguments>
<arg>${resp}</arg>
<arg>${i}</arg>
</arguments>
<status status="PASS" starttime="20190118 00:34:16.457" endtime="20190118 00:34:16.458"></status>
</kw>
<status status="PASS" starttime="20190118 00:34:16.457" endtime="20190118 00:34:16.458"></status>
</kw>
<kw name="${i} = total" type="foritem">
<kw name="Should Contain" library="BuiltIn">
<doc>Fails if ``container`` does not contain ``item`` one or more times.</doc>
<arguments>
<arg>${resp}</arg>
<arg>${i}</arg>
</arguments>
<status status="PASS" starttime="20190118 00:34:16.458" endtime="20190118 00:34:16.459"></status>
</kw>
<status status="PASS" starttime="20190118 00:34:16.458" endtime="20190118 00:34:16.459"></status>
</kw>
<kw name="${i} = state" type="foritem">
<kw name="Should Contain" library="BuiltIn">
<doc>Fails if ``container`` does not contain ``item`` one or more times.</doc>
<arguments>
<arg>${resp}</arg>
<arg>${i}</arg>
</arguments>
<status status="PASS" starttime="20190118 00:34:16.459" endtime="20190118 00:34:16.460"></status>
</kw>
<status status="PASS" starttime="20190118 00:34:16.459" endtime="20190118 00:34:16.460"></status>
</kw>
<status status="PASS" starttime="20190118 00:34:16.419" endtime="20190118 00:34:16.460"></status>
</kw>
<kw name="Base Assert">
<arguments>
<arg>${resp}</arg>
</arguments>
<kw name="Should Contain" library="BuiltIn">
<doc>Fails if ``container`` does not contain ``item`` one or more times.</doc>
<arguments>
<arg>${resp}</arg>
<arg>"errmsg":"操作成功"</arg>
</arguments>
<status status="PASS" starttime="20190118 00:34:16.460" endtime="20190118 00:34:16.461"></status>
</kw>
<kw name="Should Contain" library="BuiltIn">
<doc>Fails if ``container`` does not contain ``item`` one or more times.</doc>
<arguments>
<arg>${resp}</arg>
<arg>"state":200</arg>
</arguments>
<status status="PASS" starttime="20190118 00:34:16.461" endtime="20190118 00:34:16.461"></status>
</kw>
<kw name="Should Contain" library="BuiltIn">
<doc>Fails if ``container`` does not contain ``item`` one or more times.</doc>
<arguments>
<arg>${resp}</arg>
<arg>"errcode":0</arg>
</arguments>
<status status="PASS" starttime="20190118 00:34:16.461" endtime="20190118 00:34:16.462"></status>
</kw>
<status status="PASS" starttime="20190118 00:34:16.460" endtime="20190118 00:34:16.462"></status>
</kw>
<kw name="Should Contain" library="BuiltIn">
<doc>Fails if ``container`` does not contain ``item`` one or more times.</doc>
<arguments>
<arg>${resp}</arg>
<arg>"total":10</arg>
</arguments>
<status status="PASS" starttime="20190118 00:34:16.462" endtime="20190118 00:34:16.463"></status>
</kw>
<kw name="Teardown Test" type="teardown">
<kw name="Log" library="BuiltIn">
<doc>Logs the given message with the given level.</doc>
<arguments>
<arg>*-*-*-*-*-*-*-*-*-* End Test *-*-*-*-*-*-*-*-*-*</arg>
</arguments>
<msg timestamp="20190118 00:34:16.464" level="INFO">*-*-*-*-*-*-*-*-*-* End Test *-*-*-*-*-*-*-*-*-*</msg>
<status status="PASS" starttime="20190118 00:34:16.463" endtime="20190118 00:34:16.465"></status>
</kw>
<kw name="Sleep" library="BuiltIn">
<doc>Pauses the test executed for the given time.</doc>
<arguments>
<arg>${DELAY}</arg>
</arguments>
<msg timestamp="20190118 00:34:17.468" level="INFO">Slept 1 second</msg>
<status status="PASS" starttime="20190118 00:34:16.465" endtime="20190118 00:34:17.468"></status>
</kw>
<status status="PASS" starttime="20190118 00:34:16.463" endtime="20190118 00:34:17.469"></status>
</kw>
<status status="PASS" starttime="20190118 00:34:16.106" endtime="20190118 00:34:17.469" critical="yes"></status>
</test>
<test id="s1-s1-s1-t2" name="作文详情(id=336263)">
<kw name="Setup Test" type="setup">
<kw name="Log" library="BuiltIn">
<doc>Logs the given message with the given level.</doc>
<arguments>
<arg>*-*-*-*-*-*-*-*-*-* Start Test *-*-*-*-*-*-*-*-*-*</arg>
</arguments>
<msg timestamp="20190118 00:34:17.472" level="INFO">*-*-*-*-*-*-*-*-*-* Start Test *-*-*-*-*-*-*-*-*-*</msg>
<status status="PASS" starttime="20190118 00:34:17.472" endtime="20190118 00:34:17.472"></status>
</kw>
<status status="PASS" starttime="20190118 00:34:17.471" endtime="20190118 00:34:17.473"></status>
</kw>
<kw name="Get Method">
<arguments>
<arg>/zwtools/artinfo?id=336263</arg>
</arguments>
<assign>
<var>${resp}</var>
</assign>
<kw name="Get Request" library="RequestsLibrary">
<doc>Send a GET request on the session object found using the
given `alias`</doc>
<arguments>
<arg>${host}</arg>
<arg>${uri}</arg>
</arguments>
<assign>
<var>${response}</var>
</assign>
<msg timestamp="20190118 00:34:17.586" level="INFO">Get Request using : alias=zwtoolsapi, uri=/zwtools/artinfo?id=336263, headers=None json=None</msg>
<msg timestamp="20190118 00:34:17.587" level="INFO">${response} = &lt;Response [200]&gt;</msg>
<status status="PASS" starttime="20190118 00:34:17.473" endtime="20190118 00:34:17.587"></status>
</kw>
<kw name="Should Be True" library="BuiltIn">
<doc>Fails if the given condition is not true.</doc>
<arguments>
<arg>${response.status_code}==200</arg>
</arguments>
<status status="PASS" starttime="20190118 00:34:17.588" endtime="20190118 00:34:17.589"></status>
</kw>
<msg timestamp="20190118 00:34:17.591" level="INFO">${resp} = {"errcode":0,"errmsg":"操作成功","version":"1.0","res":{"artinfo":{"id":"336263","cate":"1","typeid":"13","title":"秋天","intro":"灸热的夏天不知不觉地离开了, 秋天轻轻地向我们走来了······ 秋天是一把银光闪闪的钥匙,为我们打开了一扇神奇的大门,展示了一个五彩缤纷的世界。瞧! ...</msg>
<status status="PASS" starttime="20190118 00:34:17.473" endtime="20190118 00:34:17.591"></status>
</kw>
<kw name="Create List" library="BuiltIn">
<doc>Returns a list containing given items.</doc>
<arguments>
<arg>id</arg>
<arg>cate</arg>
<arg>typeid</arg>
<arg>title</arg>
<arg>intro</arg>
<arg>content</arg>
<arg>comment</arg>
<arg>view</arg>
<arg>collect</arg>
<arg>is_collect</arg>
<arg>state</arg>
<arg>other_art</arg>
</arguments>
<assign>
<var>@{element}</var>
</assign>
<msg timestamp="20190118 00:34:17.593" level="INFO">@{element} = [ id | cate | typeid | title | intro | content | comment | view | collect | is_collect | state | other_art ]</msg>
<status status="PASS" starttime="20190118 00:34:17.592" endtime="20190118 00:34:17.593"></status>
</kw>
<kw name="${i} IN [ @{element} ]" type="for">
<kw name="${i} = id" type="foritem">
<kw name="Should Contain" library="BuiltIn">
<doc>Fails if ``container`` does not contain ``item`` one or more times.</doc>
<arguments>
<arg>${resp}</arg>
<arg>${i}</arg>
</arguments>
<status status="PASS" starttime="20190118 00:34:17.594" endtime="20190118 00:34:17.595"></status>
</kw>
<status status="PASS" starttime="20190118 00:34:17.594" endtime="20190118 00:34:17.597"></status>
</kw>
<kw name="${i} = cate" type="foritem">
<kw name="Should Contain" library="BuiltIn">
<doc>Fails if ``container`` does not contain ``item`` one or more times.</doc>
<arguments>
<arg>${resp}</arg>
<arg>${i}</arg>
</arguments>
<status status="PASS" starttime="20190118 00:34:17.600" endtime="20190118 00:34:17.601"></status>
</kw>
<status status="PASS" starttime="20190118 00:34:17.599" endtime="20190118 00:34:17.602"></status>
</kw>
<kw name="${i} = typeid" type="foritem">
<kw name="Should Contain" library="BuiltIn">
<doc>Fails if ``container`` does not contain ``item`` one or more times.</doc>
<arguments>
<arg>${resp}</arg>
<arg>${i}</arg>
</arguments>
<status status="PASS" starttime="20190118 00:34:17.603" endtime="20190118 00:34:17.604"></status>
</kw>
<status status="PASS" starttime="20190118 00:34:17.602" endtime="20190118 00:34:17.604"></status>
</kw>
<kw name="${i} = title" type="foritem">
<kw name="Should Contain" library="BuiltIn">
<doc>Fails if ``container`` does not contain ``item`` one or more times.</doc>
<arguments>
<arg>${resp}</arg>
<arg>${i}</arg>
</arguments>
<status status="PASS" starttime="20190118 00:34:17.605" endtime="20190118 00:34:17.605"></status>
</kw>
<status status="PASS" starttime="20190118 00:34:17.605" endtime="20190118 00:34:17.605"></status>
</kw>
<kw name="${i} = intro" type="foritem">
<kw name="Should Contain" library="BuiltIn">
<doc>Fails if ``container`` does not contain ``item`` one or more times.</doc>
<arguments>
<arg>${resp}</arg>
<arg>${i}</arg>
</arguments>
<status status="PASS" starttime="20190118 00:34:17.606" endtime="20190118 00:34:17.606"></status>
</kw>
<status status="PASS" starttime="20190118 00:34:17.605" endtime="20190118 00:34:17.606"></status>
</kw>
<kw name="${i} = content" type="foritem">
<kw name="Should Contain" library="BuiltIn">
<doc>Fails if ``container`` does not contain ``item`` one or more times.</doc>
<arguments>
<arg>${resp}</arg>
<arg>${i}</arg>
</arguments>
<status status="PASS" starttime="20190118 00:34:17.607" endtime="20190118 00:34:17.608"></status>
</kw>
<status status="PASS" starttime="20190118 00:34:17.606" endtime="20190118 00:34:17.609"></status>
</kw>
<kw name="${i} = comment" type="foritem">
<kw name="Should Contain" library="BuiltIn">
<doc>Fails if ``container`` does not contain ``item`` one or more times.</doc>
<arguments>
<arg>${resp}</arg>
<arg>${i}</arg>
</arguments>
<status status="PASS" starttime="20190118 00:34:17.610" endtime="20190118 00:34:17.610"></status>
</kw>
<status status="PASS" starttime="20190118 00:34:17.610" endtime="20190118 00:34:17.610"></status>
</kw>
<kw name="${i} = view" type="foritem">
<kw name="Should Contain" library="BuiltIn">
<doc>Fails if ``container`` does not contain ``item`` one or more times.</doc>
<arguments>
<arg>${resp}</arg>
<arg>${i}</arg>
</arguments>
<status status="PASS" starttime="20190118 00:34:17.611" endtime="20190118 00:34:17.612"></status>
</kw>
<status status="PASS" starttime="20190118 00:34:17.611" endtime="20190118 00:34:17.612"></status>
</kw>
<kw name="${i} = collect" type="foritem">
<kw name="Should Contain" library="BuiltIn">
<doc>Fails if ``container`` does not contain ``item`` one or more times.</doc>
<arguments>
<arg>${resp}</arg>
<arg>${i}</arg>
</arguments>
<status status="PASS" starttime="20190118 00:34:17.613" endtime="20190118 00:34:17.614"></status>
</kw>
<status status="PASS" starttime="20190118 00:34:17.613" endtime="20190118 00:34:17.614"></status>
</kw>
<kw name="${i} = is_collect" type="foritem">
<kw name="Should Contain" library="BuiltIn">
<doc>Fails if ``container`` does not contain ``item`` one or more times.</doc>
<arguments>
<arg>${resp}</arg>
<arg>${i}</arg>
</arguments>
<status status="PASS" starttime="20190118 00:34:17.616" endtime="20190118 00:34:17.617"></status>
</kw>
<status status="PASS" starttime="20190118 00:34:17.615" endtime="20190118 00:34:17.617"></status>
</kw>
<kw name="${i} = state" type="foritem">
<kw name="Should Contain" library="BuiltIn">
<doc>Fails if ``container`` does not contain ``item`` one or more times.</doc>
<arguments>
<arg>${resp}</arg>
<arg>${i}</arg>
</arguments>
<status status="PASS" starttime="20190118 00:34:17.618" endtime="20190118 00:34:17.619"></status>
</kw>
<status status="PASS" starttime="20190118 00:34:17.618" endtime="20190118 00:34:17.619"></status>
</kw>
<kw name="${i} = other_art" type="foritem">
<kw name="Should Contain" library="BuiltIn">
<doc>Fails if ``container`` does not contain ``item`` one or more times.</doc>
<arguments>
<arg>${resp}</arg>
<arg>${i}</arg>
</arguments>
<status status="PASS" starttime="20190118 00:34:17.620" endtime="20190118 00:34:17.620"></status>
</kw>
<status status="PASS" starttime="20190118 00:34:17.620" endtime="20190118 00:34:17.621"></status>
</kw>
<status status="PASS" starttime="20190118 00:34:17.593" endtime="20190118 00:34:17.621"></status>
</kw>
<kw name="Base Assert">
<arguments>
<arg>${resp}</arg>
</arguments>
<kw name="Should Contain" library="BuiltIn">
<doc>Fails if ``container`` does not contain ``item`` one or more times.</doc>
<arguments>
<arg>${resp}</arg>
<arg>"errmsg":"操作成功"</arg>
</arguments>
<status status="PASS" starttime="20190118 00:34:17.621" endtime="20190118 00:34:17.622"></status>
</kw>
<kw name="Should Contain" library="BuiltIn">
<doc>Fails if ``container`` does not contain ``item`` one or more times.</doc>
<arguments>
<arg>${resp}</arg>
<arg>"state":200</arg>
</arguments>
<status status="PASS" starttime="20190118 00:34:17.622" endtime="20190118 00:34:17.623"></status>
</kw>
<kw name="Should Contain" library="BuiltIn">
<doc>Fails if ``container`` does not contain ``item`` one or more times.</doc>
<arguments>
<arg>${resp}</arg>
<arg>"errcode":0</arg>
</arguments>
<status status="PASS" starttime="20190118 00:34:17.624" endtime="20190118 00:34:17.624"></status>
</kw>
<status status="PASS" starttime="20190118 00:34:17.621" endtime="20190118 00:34:17.624"></status>
</kw>
<kw name="Should Contain" library="BuiltIn">
<doc>Fails if ``container`` does not contain ``item`` one or more times.</doc>
<arguments>
<arg>${resp}</arg>
<arg>"title":"秋天"</arg>
</arguments>
<status status="PASS" starttime="20190118 00:34:17.624" endtime="20190118 00:34:17.624"></status>
</kw>
<kw name="Should Contain" library="BuiltIn">
<doc>Fails if ``container`` does not contain ``item`` one or more times.</doc>
<arguments>
<arg>${resp}</arg>
<arg>"intro":"灸热的夏天不知不觉地离开</arg>
</arguments>
<status status="PASS" starttime="20190118 00:34:17.625" endtime="20190118 00:34:17.625"></status>
</kw>
<kw name="Should Contain" library="BuiltIn">
<doc>Fails if ``container`` does not contain ``item`` one or more times.</doc>
<arguments>
<arg>${resp}</arg>
<arg>"title":"我爱我的家乡"</arg>
</arguments>
<status status="PASS" starttime="20190118 00:34:17.625" endtime="20190118 00:34:17.625"></status>
</kw>
<kw name="Teardown Test" type="teardown">
<kw name="Log" library="BuiltIn">
<doc>Logs the given message with the given level.</doc>
<arguments>
<arg>*-*-*-*-*-*-*-*-*-* End Test *-*-*-*-*-*-*-*-*-*</arg>
</arguments>
<msg timestamp="20190118 00:34:17.626" level="INFO">*-*-*-*-*-*-*-*-*-* End Test *-*-*-*-*-*-*-*-*-*</msg>
<status status="PASS" starttime="20190118 00:34:17.626" endtime="20190118 00:34:17.626"></status>
</kw>
<kw name="Sleep" library="BuiltIn">
<doc>Pauses the test executed for the given time.</doc>
<arguments>
<arg>${DELAY}</arg>
</arguments>
<msg timestamp="20190118 00:34:18.628" level="INFO">Slept 1 second</msg>
<status status="PASS" starttime="20190118 00:34:17.626" endtime="20190118 00:34:18.629"></status>
</kw>
<status status="PASS" starttime="20190118 00:34:17.626" endtime="20190118 00:34:18.629"></status>
</kw>
<status status="PASS" starttime="20190118 00:34:17.470" endtime="20190118 00:34:18.630" critical="yes"></status>
</test>
<test id="s1-s1-s1-t3" name="作文详情(id=)">
<kw name="Setup Test" type="setup">
<kw name="Log" library="BuiltIn">
<doc>Logs the given message with the given level.</doc>
<arguments>
<arg>*-*-*-*-*-*-*-*-*-* Start Test *-*-*-*-*-*-*-*-*-*</arg>
</arguments>
<msg timestamp="20190118 00:34:18.633" level="INFO">*-*-*-*-*-*-*-*-*-* Start Test *-*-*-*-*-*-*-*-*-*</msg>
<status status="PASS" starttime="20190118 00:34:18.633" endtime="20190118 00:34:18.633"></status>
</kw>
<status status="PASS" starttime="20190118 00:34:18.632" endtime="20190118 00:34:18.634"></status>
</kw>
<kw name="Get Method">
<arguments>
<arg>/zwtools/artinfo?id=</arg>
</arguments>
<assign>
<var>${resp}</var>
</assign>
<kw name="Get Request" library="RequestsLibrary">
<doc>Send a GET request on the session object found using the
given `alias`</doc>
<arguments>
<arg>${host}</arg>
<arg>${uri}</arg>
</arguments>
<assign>
<var>${response}</var>
</assign>
<msg timestamp="20190118 00:34:18.730" level="INFO">Get Request using : alias=zwtoolsapi, uri=/zwtools/artinfo?id=, headers=None json=None</msg>
<msg timestamp="20190118 00:34:18.730" level="INFO">${response} = &lt;Response [200]&gt;</msg>
<status status="PASS" starttime="20190118 00:34:18.634" endtime="20190118 00:34:18.731"></status>
</kw>
<kw name="Should Be True" library="BuiltIn">
<doc>Fails if the given condition is not true.</doc>
<arguments>
<arg>${response.status_code}==200</arg>
</arguments>
<status status="PASS" starttime="20190118 00:34:18.731" endtime="20190118 00:34:18.736"></status>
</kw>
<msg timestamp="20190118 00:34:18.737" level="INFO">${resp} = {"errcode":0,"errmsg":"文章id不存在","version":"1.0","res":null,"state":404}</msg>
<status status="PASS" starttime="20190118 00:34:18.634" endtime="20190118 00:34:18.737"></status>
</kw>
<kw name="Should Contain" library="BuiltIn">
<doc>Fails if ``container`` does not contain ``item`` one or more times.</doc>
<arguments>
<arg>${resp}</arg>
<arg>"errmsg":"文章id不存在"</arg>
</arguments>
<status status="PASS" starttime="20190118 00:34:18.738" endtime="20190118 00:34:18.738"></status>
</kw>
<kw name="Should Contain" library="BuiltIn">
<doc>Fails if ``container`` does not contain ``item`` one or more times.</doc>
<arguments>
<arg>${resp}</arg>
<arg>"state":404</arg>
</arguments>
<status status="PASS" starttime="20190118 00:34:18.739" endtime="20190118 00:34:18.740"></status>
</kw>
<kw name="Should Contain" library="BuiltIn">
<doc>Fails if ``container`` does not contain ``item`` one or more times.</doc>
<arguments>
<arg>${resp}</arg>
<arg>"res":null</arg>
</arguments>
<status status="PASS" starttime="20190118 00:34:18.741" endtime="20190118 00:34:18.745"></status>
</kw>
<kw name="Teardown Test" type="teardown">
<kw name="Log" library="BuiltIn">
<doc>Logs the given message with the given level.</doc>
<arguments>
<arg>*-*-*-*-*-*-*-*-*-* End Test *-*-*-*-*-*-*-*-*-*</arg>
</arguments>
<msg timestamp="20190118 00:34:18.752" level="INFO">*-*-*-*-*-*-*-*-*-* End Test *-*-*-*-*-*-*-*-*-*</msg>
<status status="PASS" starttime="20190118 00:34:18.750" endtime="20190118 00:34:18.753"></status>
</kw>
<kw name="Sleep" library="BuiltIn">
<doc>Pauses the test executed for the given time.</doc>
<arguments>
<arg>${DELAY}</arg>
</arguments>
<msg timestamp="20190118 00:34:19.758" level="INFO">Slept 1 second</msg>
<status status="PASS" starttime="20190118 00:34:18.755" endtime="20190118 00:34:19.759"></status>
</kw>
<status status="PASS" starttime="20190118 00:34:18.746" endtime="20190118 00:34:19.760"></status>
</kw>
<status status="PASS" starttime="20190118 00:34:18.631" endtime="20190118 00:34:19.760" critical="yes"></status>
</test>
<test id="s1-s1-s1-t4" name="作文详情(id=-1)">
<kw name="Setup Test" type="setup">
<kw name="Log" library="BuiltIn">
<doc>Logs the given message with the given level.</doc>
<arguments>
<arg>*-*-*-*-*-*-*-*-*-* Start Test *-*-*-*-*-*-*-*-*-*</arg>
</arguments>
<msg timestamp="20190118 00:34:19.763" level="INFO">*-*-*-*-*-*-*-*-*-* Start Test *-*-*-*-*-*-*-*-*-*</msg>
<status status="PASS" starttime="20190118 00:34:19.763" endtime="20190118 00:34:19.763"></status>
</kw>
<status status="PASS" starttime="20190118 00:34:19.762" endtime="20190118 00:34:19.763"></status>
</kw>
<kw name="Get Method">
<arguments>
<arg>/zwtools/artinfo?id=-1</arg>
</arguments>
<assign>
<var>${resp}</var>
</assign>
<kw name="Get Request" library="RequestsLibrary">
<doc>Send a GET request on the session object found using the
given `alias`</doc>
<arguments>
<arg>${host}</arg>
<arg>${uri}</arg>
</arguments>
<assign>
<var>${response}</var>
</assign>
<msg timestamp="20190118 00:34:19.856" level="INFO">Get Request using : alias=zwtoolsapi, uri=/zwtools/artinfo?id=-1, headers=None json=None</msg>
<msg timestamp="20190118 00:34:19.857" level="INFO">${response} = &lt;Response [200]&gt;</msg>
<status status="PASS" starttime="20190118 00:34:19.764" endtime="20190118 00:34:19.857"></status>
</kw>
<kw name="Should Be True" library="BuiltIn">
<doc>Fails if the given condition is not true.</doc>
<arguments>
<arg>${response.status_code}==200</arg>
</arguments>
<status status="PASS" starttime="20190118 00:34:19.859" endtime="20190118 00:34:19.861"></status>
</kw>
<msg timestamp="20190118 00:34:19.862" level="INFO">${resp} = {"errcode":0,"errmsg":"文章id不存在","version":"1.0","res":null,"state":404}</msg>
<status status="PASS" starttime="20190118 00:34:19.764" endtime="20190118 00:34:19.862"></status>
</kw>
<kw name="Should Contain" library="BuiltIn">
<doc>Fails if ``container`` does not contain ``item`` one or more times.</doc>
<arguments>
<arg>${resp}</arg>
<arg>"errmsg":"文章id不存在"</arg>
</arguments>
<status status="PASS" starttime="20190118 00:34:19.863" endtime="20190118 00:34:19.864"></status>
</kw>
<kw name="Should Contain" library="BuiltIn">
<doc>Fails if ``container`` does not contain ``item`` one or more times.</doc>
<arguments>
<arg>${resp}</arg>
<arg>"state":404</arg>
</arguments>
<status status="PASS" starttime="20190118 00:34:19.865" endtime="20190118 00:34:19.868"></status>
</kw>
<kw name="Should Contain" library="BuiltIn">
<doc>Fails if ``container`` does not contain ``item`` one or more times.</doc>
<arguments>
<arg>${resp}</arg>
<arg>"res":null</arg>
</arguments>
<status status="PASS" starttime="20190118 00:34:19.869" endtime="20190118 00:34:19.871"></status>
</kw>
<kw name="Teardown Test" type="teardown">
<kw name="Log" library="BuiltIn">
<doc>Logs the given message with the given level.</doc>
<arguments>
<arg>*-*-*-*-*-*-*-*-*-* End Test *-*-*-*-*-*-*-*-*-*</arg>
</arguments>
<msg timestamp="20190118 00:34:19.880" level="INFO">*-*-*-*-*-*-*-*-*-* End Test *-*-*-*-*-*-*-*-*-*</msg>
<status status="PASS" starttime="20190118 00:34:19.878" endtime="20190118 00:34:19.881"></status>
</kw>
<kw name="Sleep" library="BuiltIn">
<doc>Pauses the test executed for the given time.</doc>
<arguments>
<arg>${DELAY}</arg>
</arguments>
<msg timestamp="20190118 00:34:20.886" level="INFO">Slept 1 second</msg>
<status status="PASS" starttime="20190118 00:34:19.883" endtime="20190118 00:34:20.887"></status>
</kw>
<status status="PASS" starttime="20190118 00:34:19.874" endtime="20190118 00:34:20.887"></status>
</kw>
<status status="PASS" starttime="20190118 00:34:19.761" endtime="20190118 00:34:20.888" critical="yes"></status>
</test>
<test id="s1-s1-s1-t5" name="作文详情(id=&quot;336263&quot;)">
<kw name="Setup Test" type="setup">
<kw name="Log" library="BuiltIn">
<doc>Logs the given message with the given level.</doc>
<arguments>
<arg>*-*-*-*-*-*-*-*-*-* Start Test *-*-*-*-*-*-*-*-*-*</arg>
</arguments>
<msg timestamp="20190118 00:34:20.891" level="INFO">*-*-*-*-*-*-*-*-*-* Start Test *-*-*-*-*-*-*-*-*-*</msg>
<status status="PASS" starttime="20190118 00:34:20.890" endtime="20190118 00:34:20.891"></status>
</kw>
<status status="PASS" starttime="20190118 00:34:20.889" endtime="20190118 00:34:20.891"></status>
</kw>
<kw name="Get Method">
<arguments>
<arg>/zwtools/artinfo?id="336263"</arg>
</arguments>
<assign>
<var>${resp}</var>
</assign>
<kw name="Get Request" library="RequestsLibrary">
<doc>Send a GET request on the session object found using the
given `alias`</doc>
<arguments>
<arg>${host}</arg>
<arg>${uri}</arg>
</arguments>
<assign>
<var>${response}</var>
</assign>
<msg timestamp="20190118 00:34:20.984" level="INFO">Get Request using : alias=zwtoolsapi, uri=/zwtools/artinfo?id="336263", headers=None json=None</msg>
<msg timestamp="20190118 00:34:20.985" level="INFO">${response} = &lt;Response [200]&gt;</msg>
<status status="PASS" starttime="20190118 00:34:20.892" endtime="20190118 00:34:20.985"></status>
</kw>
<kw name="Should Be True" library="BuiltIn">
<doc>Fails if the given condition is not true.</doc>
<arguments>
<arg>${response.status_code}==200</arg>
</arguments>
<status status="PASS" starttime="20190118 00:34:20.985" endtime="20190118 00:34:20.988"></status>
</kw>
<msg timestamp="20190118 00:34:20.990" level="INFO">${resp} = {"errcode":0,"errmsg":"文章id不存在","version":"1.0","res":null,"state":404}</msg>
<status status="PASS" starttime="20190118 00:34:20.891" endtime="20190118 00:34:20.990"></status>
</kw>
<kw name="Should Contain" library="BuiltIn">
<doc>Fails if ``container`` does not contain ``item`` one or more times.</doc>
<arguments>
<arg>${resp}</arg>
<arg>"errmsg":"文章id不存在"</arg>
</arguments>
<status status="PASS" starttime="20190118 00:34:20.990" endtime="20190118 00:34:20.996"></status>
</kw>
<kw name="Should Contain" library="BuiltIn">
<doc>Fails if ``container`` does not contain ``item`` one or more times.</doc>
<arguments>
<arg>${resp}</arg>
<arg>"state":404</arg>
</arguments>
<status status="PASS" starttime="20190118 00:34:20.997" endtime="20190118 00:34:20.999"></status>
</kw>
<kw name="Should Contain" library="BuiltIn">
<doc>Fails if ``container`` does not contain ``item`` one or more times.</doc>
<arguments>
<arg>${resp}</arg>
<arg>"res":null</arg>
</arguments>
<status status="PASS" starttime="20190118 00:34:21.002" endtime="20190118 00:34:21.008"></status>
</kw>
<kw name="Teardown Test" type="teardown">
<kw name="Log" library="BuiltIn">
<doc>Logs the given message with the given level.</doc>
<arguments>
<arg>*-*-*-*-*-*-*-*-*-* End Test *-*-*-*-*-*-*-*-*-*</arg>
</arguments>
<msg timestamp="20190118 00:34:21.019" level="INFO">*-*-*-*-*-*-*-*-*-* End Test *-*-*-*-*-*-*-*-*-*</msg>
<status status="PASS" starttime="20190118 00:34:21.015" endtime="20190118 00:34:21.020"></status>
</kw>
<kw name="Sleep" library="BuiltIn">
<doc>Pauses the test executed for the given time.</doc>
<arguments>
<arg>${DELAY}</arg>
</arguments>
<msg timestamp="20190118 00:34:22.023" level="INFO">Slept 1 second</msg>
<status status="PASS" starttime="20190118 00:34:21.020" endtime="20190118 00:34:22.024"></status>
</kw>
<status status="PASS" starttime="20190118 00:34:21.011" endtime="20190118 00:34:22.024"></status>
</kw>
<status status="PASS" starttime="20190118 00:34:20.888" endtime="20190118 00:34:22.025" critical="yes"></status>
</test>
<test id="s1-s1-s1-t6" name="作文列表筛选项-范文(cate=1)">
<kw name="Setup Test" type="setup">
<kw name="Log" library="BuiltIn">
<doc>Logs the given message with the given level.</doc>
<arguments>
<arg>*-*-*-*-*-*-*-*-*-* Start Test *-*-*-*-*-*-*-*-*-*</arg>
</arguments>
<msg timestamp="20190118 00:34:22.028" level="INFO">*-*-*-*-*-*-*-*-*-* Start Test *-*-*-*-*-*-*-*-*-*</msg>
<status status="PASS" starttime="20190118 00:34:22.028" endtime="20190118 00:34:22.028"></status>
</kw>
<status status="PASS" starttime="20190118 00:34:22.028" endtime="20190118 00:34:22.029"></status>
</kw>
<kw name="Get Method">
<arguments>
<arg>/zwtools/artlist/option?cate=1</arg>
</arguments>
<assign>
<var>${resp}</var>
</assign>
<kw name="Get Request" library="RequestsLibrary">
<doc>Send a GET request on the session object found using the
given `alias`</doc>
<arguments>
<arg>${host}</arg>
<arg>${uri}</arg>
</arguments>
<assign>
<var>${response}</var>
</assign>
<msg timestamp="20190118 00:34:22.122" level="INFO">Get Request using : alias=zwtoolsapi, uri=/zwtools/artlist/option?cate=1, headers=None json=None</msg>
<msg timestamp="20190118 00:34:22.122" level="INFO">${response} = &lt;Response [200]&gt;</msg>
<status status="PASS" starttime="20190118 00:34:22.029" endtime="20190118 00:34:22.123"></status>
</kw>
<kw name="Should Be True" library="BuiltIn">
<doc>Fails if the given condition is not true.</doc>
<arguments>
<arg>${response.status_code}==200</arg>
</arguments>
<status status="PASS" starttime="20190118 00:34:22.123" endtime="20190118 00:34:22.126"></status>
</kw>
<msg timestamp="20190118 00:34:22.127" level="INFO">${resp} = {"errcode":0,"errmsg":"操作成功","version":"1.0","res":{"option":{"type":[{"id":"11","name":"写人作文"},{"id":"12","name":"叙事作文"},{"id":"13","name":"写景作文"},{"id":"14","name":"状物作文"},{"id":"15","name":"想象作文"},...</msg>
<status status="PASS" starttime="20190118 00:34:22.029" endtime="20190118 00:34:22.128"></status>
</kw>
<kw name="Create List" library="BuiltIn">
<doc>Returns a list containing given items.</doc>
<arguments>
<arg>type</arg>
<arg>grade</arg>
<arg>id</arg>
<arg>name</arg>
<arg>写人作文</arg>
<arg>叙事作文</arg>
<arg>写景作文</arg>
<arg>状物作文</arg>
<arg>想象作文</arg>
<arg>期末考试作文</arg>
<arg>诗歌</arg>
</arguments>
<assign>
<var>@{element}</var>
</assign>
<msg timestamp="20190118 00:34:22.130" level="INFO">@{element} = [ type | grade | id | name | 写人作文 | 叙事作文 | 写景作文 | 状物作文 | 想象作文 | 期末考试作文 | 诗歌 ]</msg>
<status status="PASS" starttime="20190118 00:34:22.129" endtime="20190118 00:34:22.131"></status>
</kw>
<kw name="${i} IN [ @{element} ]" type="for">
<kw name="${i} = type" type="foritem">
<kw name="Should Contain" library="BuiltIn">
<doc>Fails if ``container`` does not contain ``item`` one or more times.</doc>
<arguments>
<arg>${resp}</arg>
<arg>${i}</arg>
</arguments>
<status status="PASS" starttime="20190118 00:34:22.137" endtime="20190118 00:34:22.141"></status>
</kw>
<status status="PASS" starttime="20190118 00:34:22.135" endtime="20190118 00:34:22.141"></status>
</kw>
<kw name="${i} = grade" type="foritem">
<kw name="Should Contain" library="BuiltIn">
<doc>Fails if ``container`` does not contain ``item`` one or more times.</doc>
<arguments>
<arg>${resp}</arg>
<arg>${i}</arg>
</arguments>
<status status="PASS" starttime="20190118 00:34:22.142" endtime="20190118 00:34:22.146"></status>
</kw>
<status status="PASS" starttime="20190118 00:34:22.142" endtime="20190118 00:34:22.148"></status>
</kw>
<kw name="${i} = id" type="foritem">
<kw name="Should Contain" library="BuiltIn">
<doc>Fails if ``container`` does not contain ``item`` one or more times.</doc>
<arguments>
<arg>${resp}</arg>
<arg>${i}</arg>
</arguments>
<status status="PASS" starttime="20190118 00:34:22.152" endtime="20190118 00:34:22.157"></status>
</kw>
<status status="PASS" starttime="20190118 00:34:22.151" endtime="20190118 00:34:22.158"></status>
</kw>
<kw name="${i} = name" type="foritem">
<kw name="Should Contain" library="BuiltIn">
<doc>Fails if ``container`` does not contain ``item`` one or more times.</doc>
<arguments>
<arg>${resp}</arg>
<arg>${i}</arg>
</arguments>
<status status="PASS" starttime="20190118 00:34:22.161" endtime="20190118 00:34:22.164"></status>
</kw>
<status status="PASS" starttime="20190118 00:34:22.160" endtime="20190118 00:34:22.165"></status>
</kw>
<kw name="${i} = 写人作文" type="foritem">
<kw name="Should Contain" library="BuiltIn">
<doc>Fails if ``container`` does not contain ``item`` one or more times.</doc>
<arguments>
<arg>${resp}</arg>
<arg>${i}</arg>
</arguments>
<status status="PASS" starttime="20190118 00:34:22.165" endtime="20190118 00:34:22.165"></status>
</kw>
<status status="PASS" starttime="20190118 00:34:22.165" endtime="20190118 00:34:22.166"></status>
</kw>
<kw name="${i} = 叙事作文" type="foritem">
<kw name="Should Contain" library="BuiltIn">
<doc>Fails if ``container`` does not contain ``item`` one or more times.</doc>
<arguments>
<arg>${resp}</arg>
<arg>${i}</arg>
</arguments>
<status status="PASS" starttime="20190118 00:34:22.166" endtime="20190118 00:34:22.167"></status>
</kw>
<status status="PASS" starttime="20190118 00:34:22.166" endtime="20190118 00:34:22.167"></status>
</kw>
<kw name="${i} = 写景作文" type="foritem">
<kw name="Should Contain" library="BuiltIn">
<doc>Fails if ``container`` does not contain ``item`` one or more times.</doc>
<arguments>
<arg>${resp}</arg>
<arg>${i}</arg>
</arguments>
<status status="PASS" starttime="20190118 00:34:22.167" endtime="20190118 00:34:22.167"></status>
</kw>
<status status="PASS" starttime="20190118 00:34:22.167" endtime="20190118 00:34:22.168"></status>
</kw>
<kw name="${i} = 状物作文" type="foritem">
<kw name="Should Contain" library="BuiltIn">
<doc>Fails if ``container`` does not contain ``item`` one or more times.</doc>
<arguments>
<arg>${resp}</arg>
<arg>${i}</arg>
</arguments>
<status status="PASS" starttime="20190118 00:34:22.168" endtime="20190118 00:34:22.168"></status>
</kw>
<status status="PASS" starttime="20190118 00:34:22.168" endtime="20190118 00:34:22.168"></status>
</kw>
<kw name="${i} = 想象作文" type="foritem">
<kw name="Should Contain" library="BuiltIn">
<doc>Fails if ``container`` does not contain ``item`` one or more times.</doc>
<arguments>
<arg>${resp}</arg>
<arg>${i}</arg>
</arguments>
<status status="PASS" starttime="20190118 00:34:22.169" endtime="20190118 00:34:22.169"></status>
</kw>
<status status="PASS" starttime="20190118 00:34:22.169" endtime="20190118 00:34:22.169"></status>
</kw>
<kw name="${i} = 期末考试作文" type="foritem">
<kw name="Should Contain" library="BuiltIn">
<doc>Fails if ``container`` does not contain ``item`` one or more times.</doc>
<arguments>
<arg>${resp}</arg>
<arg>${i}</arg>
</arguments>
<status status="PASS" starttime="20190118 00:34:22.170" endtime="20190118 00:34:22.170"></status>
</kw>
<status status="PASS" starttime="20190118 00:34:22.170" endtime="20190118 00:34:22.170"></status>
</kw>
<kw name="${i} = 诗歌" type="foritem">
<kw name="Should Contain" library="BuiltIn">
<doc>Fails if ``container`` does not contain ``item`` one or more times.</doc>
<arguments>
<arg>${resp}</arg>
<arg>${i}</arg>
</arguments>
<status status="PASS" starttime="20190118 00:34:22.171" endtime="20190118 00:34:22.171"></status>
</kw>
<status status="PASS" starttime="20190118 00:34:22.170" endtime="20190118 00:34:22.171"></status>
</kw>
<status status="PASS" starttime="20190118 00:34:22.133" endtime="20190118 00:34:22.171"></status>
</kw>
<kw name="Base Assert">
<arguments>
<arg>${resp}</arg>
</arguments>
<kw name="Should Contain" library="BuiltIn">
<doc>Fails if ``container`` does not contain ``item`` one or more times.</doc>
<arguments>
<arg>${resp}</arg>
<arg>"errmsg":"操作成功"</arg>
</arguments>
<status status="PASS" starttime="20190118 00:34:22.173" endtime="20190118 00:34:22.174"></status>
</kw>
<kw name="Should Contain" library="BuiltIn">
<doc>Fails if ``container`` does not contain ``item`` one or more times.</doc>
<arguments>
<arg>${resp}</arg>
<arg>"state":200</arg>
</arguments>
<status status="PASS" starttime="20190118 00:34:22.175" endtime="20190118 00:34:22.175"></status>
</kw>
<kw name="Should Contain" library="BuiltIn">
<doc>Fails if ``container`` does not contain ``item`` one or more times.</doc>
<arguments>
<arg>${resp}</arg>
<arg>"errcode":0</arg>
</arguments>
<status status="PASS" starttime="20190118 00:34:22.175" endtime="20190118 00:34:22.175"></status>
</kw>
<status status="PASS" starttime="20190118 00:34:22.171" endtime="20190118 00:34:22.176"></status>
</kw>
<kw name="Should Contain" library="BuiltIn">
<doc>Fails if ``container`` does not contain ``item`` one or more times.</doc>
<arguments>
<arg>${resp}</arg>
<arg>"name":"三年级"</arg>
</arguments>
<status status="PASS" starttime="20190118 00:34:22.176" endtime="20190118 00:34:22.177"></status>
</kw>
<kw name="Should Contain" library="BuiltIn">
<doc>Fails if ``container`` does not contain ``item`` one or more times.</doc>
<arguments>
<arg>${resp}</arg>
<arg>"name":"四年级"</arg>
</arguments>
<status status="PASS" starttime="20190118 00:34:22.177" endtime="20190118 00:34:22.178"></status>
</kw>
<kw name="Should Contain" library="BuiltIn">
<doc>Fails if ``container`` does not contain ``item`` one or more times.</doc>
<arguments>
<arg>${resp}</arg>
<arg>"name":"五年级"</arg>
</arguments>
<status status="PASS" starttime="20190118 00:34:22.179" endtime="20190118 00:34:22.179"></status>
</kw>
<kw name="Should Contain" library="BuiltIn">
<doc>Fails if ``container`` does not contain ``item`` one or more times.</doc>
<arguments>
<arg>${resp}</arg>
<arg>"name":"六年级"</arg>
</arguments>
<status status="PASS" starttime="20190118 00:34:22.179" endtime="20190118 00:34:22.180"></status>
</kw>
<kw name="Teardown Test" type="teardown">
<kw name="Log" library="BuiltIn">
<doc>Logs the given message with the given level.</doc>
<arguments>
<arg>*-*-*-*-*-*-*-*-*-* End Test *-*-*-*-*-*-*-*-*-*</arg>
</arguments>
<msg timestamp="20190118 00:34:22.180" level="INFO">*-*-*-*-*-*-*-*-*-* End Test *-*-*-*-*-*-*-*-*-*</msg>
<status status="PASS" starttime="20190118 00:34:22.180" endtime="20190118 00:34:22.181"></status>
</kw>
<kw name="Sleep" library="BuiltIn">
<doc>Pauses the test executed for the given time.</doc>
<arguments>
<arg>${DELAY}</arg>
</arguments>
<msg timestamp="20190118 00:34:23.182" level="INFO">Slept 1 second</msg>
<status status="PASS" starttime="20190118 00:34:22.181" endtime="20190118 00:34:23.183"></status>
</kw>
<status status="PASS" starttime="20190118 00:34:22.180" endtime="20190118 00:34:23.183"></status>
</kw>
<status status="PASS" starttime="20190118 00:34:22.026" endtime="20190118 00:34:23.184" critical="yes"></status>
</test>
<test id="s1-s1-s1-t7" name="作文列表筛选项-素材(cate=2)">
<kw name="Setup Test" type="setup">
<kw name="Log" library="BuiltIn">
<doc>Logs the given message with the given level.</doc>
<arguments>
<arg>*-*-*-*-*-*-*-*-*-* Start Test *-*-*-*-*-*-*-*-*-*</arg>
</arguments>
<msg timestamp="20190118 00:34:23.188" level="INFO">*-*-*-*-*-*-*-*-*-* Start Test *-*-*-*-*-*-*-*-*-*</msg>
<status status="PASS" starttime="20190118 00:34:23.187" endtime="20190118 00:34:23.188"></status>
</kw>
<status status="PASS" starttime="20190118 00:34:23.187" endtime="20190118 00:34:23.188"></status>
</kw>
<kw name="Get Method">
<arguments>
<arg>/zwtools/artlist/option?cate=2</arg>
</arguments>
<assign>
<var>${resp}</var>
</assign>
<kw name="Get Request" library="RequestsLibrary">
<doc>Send a GET request on the session object found using the
given `alias`</doc>
<arguments>
<arg>${host}</arg>
<arg>${uri}</arg>
</arguments>
<assign>
<var>${response}</var>
</assign>
<msg timestamp="20190118 00:34:23.282" level="INFO">Get Request using : alias=zwtoolsapi, uri=/zwtools/artlist/option?cate=2, headers=None json=None</msg>
<msg timestamp="20190118 00:34:23.282" level="INFO">${response} = &lt;Response [200]&gt;</msg>
<status status="PASS" starttime="20190118 00:34:23.189" endtime="20190118 00:34:23.283"></status>
</kw>
<kw name="Should Be True" library="BuiltIn">
<doc>Fails if the given condition is not true.</doc>
<arguments>
<arg>${response.status_code}==200</arg>
</arguments>
<status status="PASS" starttime="20190118 00:34:23.283" endtime="20190118 00:34:23.284"></status>
</kw>
<msg timestamp="20190118 00:34:23.285" level="INFO">${resp} = {"errcode":0,"errmsg":"操作成功","version":"1.0","res":{"option":{"type":[{"id":"24","name":"名言警句"},{"id":"25","name":"哲理故事"},{"id":"26","name":"名人故事"},{"id":"27","name":"好词好句"},{"id":"28","name":"优美段落"},...</msg>
<status status="PASS" starttime="20190118 00:34:23.188" endtime="20190118 00:34:23.286"></status>
</kw>
<kw name="Create List" library="BuiltIn">
<doc>Returns a list containing given items.</doc>
<arguments>
<arg>type</arg>
<arg>grade</arg>
<arg>id</arg>
<arg>name</arg>
<arg>名言警句</arg>
<arg>哲理故事</arg>
<arg>名人故事</arg>
<arg>好词好句</arg>
<arg>时事论据</arg>
<arg>天气描写</arg>
</arguments>
<assign>
<var>@{element}</var>
</assign>
<msg timestamp="20190118 00:34:23.289" level="INFO">@{element} = [ type | grade | id | name | 名言警句 | 哲理故事 | 名人故事 | 好词好句 | 时事论据 | 天气描写 ]</msg>
<status status="PASS" starttime="20190118 00:34:23.286" endtime="20190118 00:34:23.289"></status>
</kw>
<kw name="${i} IN [ @{element} ]" type="for">
<kw name="${i} = type" type="foritem">
<kw name="Should Contain" library="BuiltIn">
<doc>Fails if ``container`` does not contain ``item`` one or more times.</doc>
<arguments>
<arg>${resp}</arg>
<arg>${i}</arg>
</arguments>
<status status="PASS" starttime="20190118 00:34:23.291" endtime="20190118 00:34:23.296"></status>
</kw>
<status status="PASS" starttime="20190118 00:34:23.291" endtime="20190118 00:34:23.298"></status>
</kw>
<kw name="${i} = grade" type="foritem">
<kw name="Should Contain" library="BuiltIn">
<doc>Fails if ``container`` does not contain ``item`` one or more times.</doc>
<arguments>
<arg>${resp}</arg>
<arg>${i}</arg>
</arguments>
<status status="PASS" starttime="20190118 00:34:23.301" endtime="20190118 00:34:23.311"></status>
</kw>
<status status="PASS" starttime="20190118 00:34:23.299" endtime="20190118 00:34:23.311"></status>
</kw>
<kw name="${i} = id" type="foritem">
<kw name="Should Contain" library="BuiltIn">
<doc>Fails if ``container`` does not contain ``item`` one or more times.</doc>
<arguments>
<arg>${resp}</arg>
<arg>${i}</arg>
</arguments>
<status status="PASS" starttime="20190118 00:34:23.312" endtime="20190118 00:34:23.314"></status>
</kw>
<status status="PASS" starttime="20190118 00:34:23.312" endtime="20190118 00:34:23.314"></status>
</kw>
<kw name="${i} = name" type="foritem">
<kw name="Should Contain" library="BuiltIn">
<doc>Fails if ``container`` does not contain ``item`` one or more times.</doc>
<arguments>
<arg>${resp}</arg>
<arg>${i}</arg>
</arguments>
<status status="PASS" starttime="20190118 00:34:23.316" endtime="20190118 00:34:23.317"></status>
</kw>
<status status="PASS" starttime="20190118 00:34:23.315" endtime="20190118 00:34:23.318"></status>
</kw>
<kw name="${i} = 名言警句" type="foritem">
<kw name="Should Contain" library="BuiltIn">
<doc>Fails if ``container`` does not contain ``item`` one or more times.</doc>
<arguments>
<arg>${resp}</arg>
<arg>${i}</arg>
</arguments>
<status status="PASS" starttime="20190118 00:34:23.320" endtime="20190118 00:34:23.321"></status>
</kw>
<status status="PASS" starttime="20190118 00:34:23.318" endtime="20190118 00:34:23.321"></status>
</kw>
<kw name="${i} = 哲理故事" type="foritem">
<kw name="Should Contain" library="BuiltIn">
<doc>Fails if ``container`` does not contain ``item`` one or more times.</doc>
<arguments>
<arg>${resp}</arg>
<arg>${i}</arg>
</arguments>
<status status="PASS" starttime="20190118 00:34:23.322" endtime="20190118 00:34:23.322"></status>
</kw>
<status status="PASS" starttime="20190118 00:34:23.322" endtime="20190118 00:34:23.323"></status>
</kw>
<kw name="${i} = 名人故事" type="foritem">
<kw name="Should Contain" library="BuiltIn">
<doc>Fails if ``container`` does not contain ``item`` one or more times.</doc>
<arguments>
<arg>${resp}</arg>
<arg>${i}</arg>
</arguments>
<status status="PASS" starttime="20190118 00:34:23.323" endtime="20190118 00:34:23.323"></status>
</kw>
<status status="PASS" starttime="20190118 00:34:23.323" endtime="20190118 00:34:23.324"></status>
</kw>
<kw name="${i} = 好词好句" type="foritem">
<kw name="Should Contain" library="BuiltIn">
<doc>Fails if ``container`` does not contain ``item`` one or more times.</doc>
<arguments>
<arg>${resp}</arg>
<arg>${i}</arg>
</arguments>
<status status="PASS" starttime="20190118 00:34:23.324" endtime="20190118 00:34:23.324"></status>
</kw>
<status status="PASS" starttime="20190118 00:34:23.324" endtime="20190118 00:34:23.324"></status>
</kw>
<kw name="${i} = 时事论据" type="foritem">
<kw name="Should Contain" library="BuiltIn">
<doc>Fails if ``container`` does not contain ``item`` one or more times.</doc>
<arguments>
<arg>${resp}</arg>
<arg>${i}</arg>
</arguments>
<status status="PASS" starttime="20190118 00:34:23.325" endtime="20190118 00:34:23.325"></status>
</kw>
<status status="PASS" starttime="20190118 00:34:23.325" endtime="20190118 00:34:23.325"></status>
</kw>
<kw name="${i} = 天气描写" type="foritem">
<kw name="Should Contain" library="BuiltIn">
<doc>Fails if ``container`` does not contain ``item`` one or more times.</doc>
<arguments>
<arg>${resp}</arg>
<arg>${i}</arg>
</arguments>
<status status="PASS" starttime="20190118 00:34:23.326" endtime="20190118 00:34:23.326"></status>
</kw>
<status status="PASS" starttime="20190118 00:34:23.325" endtime="20190118 00:34:23.326"></status>
</kw>
<status status="PASS" starttime="20190118 00:34:23.290" endtime="20190118 00:34:23.326"></status>
</kw>
<kw name="Base Assert">
<arguments>
<arg>${resp}</arg>
</arguments>
<kw name="Should Contain" library="BuiltIn">
<doc>Fails if ``container`` does not contain ``item`` one or more times.</doc>
<arguments>
<arg>${resp}</arg>
<arg>"errmsg":"操作成功"</arg>
</arguments>
<status status="PASS" starttime="20190118 00:34:23.327" endtime="20190118 00:34:23.328"></status>
</kw>
<kw name="Should Contain" library="BuiltIn">
<doc>Fails if ``container`` does not contain ``item`` one or more times.</doc>
<arguments>
<arg>${resp}</arg>
<arg>"state":200</arg>
</arguments>
<status status="PASS" starttime="20190118 00:34:23.328" endtime="20190118 00:34:23.329"></status>
</kw>
<kw name="Should Contain" library="BuiltIn">
<doc>Fails if ``container`` does not contain ``item`` one or more times.</doc>
<arguments>
<arg>${resp}</arg>
<arg>"errcode":0</arg>
</arguments>
<status status="PASS" starttime="20190118 00:34:23.330" endtime="20190118 00:34:23.331"></status>
</kw>
<status status="PASS" starttime="20190118 00:34:23.327" endtime="20190118 00:34:23.333"></status>
</kw>
<kw name="Should Contain" library="BuiltIn">
<doc>Fails if ``container`` does not contain ``item`` one or more times.</doc>
<arguments>
<arg>${resp}</arg>
<arg>"name":"三年级"</arg>
</arguments>
<status status="PASS" starttime="20190118 00:34:23.334" endtime="20190118 00:34:23.336"></status>
</kw>
<kw name="Should Contain" library="BuiltIn">
<doc>Fails if ``container`` does not contain ``item`` one or more times.</doc>
<arguments>
<arg>${resp}</arg>
<arg>"name":"四年级"</arg>
</arguments>
<status status="PASS" starttime="20190118 00:34:23.338" endtime="20190118 00:34:23.339"></status>
</kw>
<kw name="Should Contain" library="BuiltIn">
<doc>Fails if ``container`` does not contain ``item`` one or more times.</doc>
<arguments>
<arg>${resp}</arg>
<arg>"name":"五年级"</arg>
</arguments>
<status status="PASS" starttime="20190118 00:34:23.340" endtime="20190118 00:34:23.340"></status>
</kw>
<kw name="Should Contain" library="BuiltIn">
<doc>Fails if ``container`` does not contain ``item`` one or more times.</doc>
<arguments>
<arg>${resp}</arg>
<arg>"name":"六年级"</arg>
</arguments>
<status status="PASS" starttime="20190118 00:34:23.341" endtime="20190118 00:34:23.341"></status>
</kw>
<kw name="Teardown Test" type="teardown">
<kw name="Log" library="BuiltIn">
<doc>Logs the given message with the given level.</doc>
<arguments>
<arg>*-*-*-*-*-*-*-*-*-* End Test *-*-*-*-*-*-*-*-*-*</arg>
</arguments>
<msg timestamp="20190118 00:34:23.343" level="INFO">*-*-*-*-*-*-*-*-*-* End Test *-*-*-*-*-*-*-*-*-*</msg>
<status status="PASS" starttime="20190118 00:34:23.342" endtime="20190118 00:34:23.343"></status>
</kw>
<kw name="Sleep" library="BuiltIn">
<doc>Pauses the test executed for the given time.</doc>
<arguments>
<arg>${DELAY}</arg>
</arguments>
<msg timestamp="20190118 00:34:24.345" level="INFO">Slept 1 second</msg>
<status status="PASS" starttime="20190118 00:34:23.343" endtime="20190118 00:34:24.345"></status>
</kw>
<status status="PASS" starttime="20190118 00:34:23.342" endtime="20190118 00:34:24.346"></status>
</kw>
<status status="PASS" starttime="20190118 00:34:23.184" endtime="20190118 00:34:24.346" critical="yes"></status>
</test>
<test id="s1-s1-s1-t8" name="作文列表筛选项-写作技巧(cate=3)">
<kw name="Setup Test" type="setup">
<kw name="Log" library="BuiltIn">
<doc>Logs the given message with the given level.</doc>
<arguments>
<arg>*-*-*-*-*-*-*-*-*-* Start Test *-*-*-*-*-*-*-*-*-*</arg>
</arguments>
<msg timestamp="20190118 00:34:24.350" level="INFO">*-*-*-*-*-*-*-*-*-* Start Test *-*-*-*-*-*-*-*-*-*</msg>
<status status="PASS" starttime="20190118 00:34:24.349" endtime="20190118 00:34:24.350"></status>
</kw>
<status status="PASS" starttime="20190118 00:34:24.349" endtime="20190118 00:34:24.350"></status>
</kw>
<kw name="Get Method">
<arguments>
<arg>/zwtools/artlist/option?cate=3</arg>
</arguments>
<assign>
<var>${resp}</var>
</assign>
<kw name="Get Request" library="RequestsLibrary">
<doc>Send a GET request on the session object found using the
given `alias`</doc>
<arguments>
<arg>${host}</arg>
<arg>${uri}</arg>
</arguments>
<assign>
<var>${response}</var>
</assign>
<msg timestamp="20190118 00:34:24.446" level="INFO">Get Request using : alias=zwtoolsapi, uri=/zwtools/artlist/option?cate=3, headers=None json=None</msg>
<msg timestamp="20190118 00:34:24.447" level="INFO">${response} = &lt;Response [200]&gt;</msg>
<status status="PASS" starttime="20190118 00:34:24.351" endtime="20190118 00:34:24.447"></status>
</kw>
<kw name="Should Be True" library="BuiltIn">
<doc>Fails if the given condition is not true.</doc>
<arguments>
<arg>${response.status_code}==200</arg>
</arguments>
<status status="PASS" starttime="20190118 00:34:24.447" endtime="20190118 00:34:24.450"></status>
</kw>
<msg timestamp="20190118 00:34:24.451" level="INFO">${resp} = {"errcode":0,"errmsg":"操作成功","version":"1.0","res":{"option":{"type":[{"id":"36","name":"写作方法"},{"id":"37","name":"写作基础"},{"id":"38","name":"经验交流"},{"id":"39","name":"文学常识"}],"grade":[{"id":3,"name":"...</msg>
<status status="PASS" starttime="20190118 00:34:24.350" endtime="20190118 00:34:24.451"></status>
</kw>
<kw name="Create List" library="BuiltIn">
<doc>Returns a list containing given items.</doc>
<arguments>
<arg>type</arg>
<arg>grade</arg>
<arg>id</arg>
<arg>name</arg>
<arg>写作方法</arg>
<arg>写作基础</arg>
<arg>经验交流</arg>
<arg>文学常识</arg>
</arguments>
<assign>
<var>@{element}</var>
</assign>
<msg timestamp="20190118 00:34:24.452" level="INFO">@{element} = [ type | grade | id | name | 写作方法 | 写作基础 | 经验交流 | 文学常识 ]</msg>
<status status="PASS" starttime="20190118 00:34:24.451" endtime="20190118 00:34:24.453"></status>
</kw>
<kw name="${i} IN [ @{element} ]" type="for">
<kw name="${i} = type" type="foritem">
<kw name="Should Contain" library="BuiltIn">
<doc>Fails if ``container`` does not contain ``item`` one or more times.</doc>
<arguments>
<arg>${resp}</arg>
<arg>${i}</arg>
</arguments>
<status status="PASS" starttime="20190118 00:34:24.458" endtime="20190118 00:34:24.458"></status>
</kw>
<status status="PASS" starttime="20190118 00:34:24.457" endtime="20190118 00:34:24.465"></status>
</kw>
<kw name="${i} = grade" type="foritem">
<kw name="Should Contain" library="BuiltIn">
<doc>Fails if ``container`` does not contain ``item`` one or more times.</doc>
<arguments>
<arg>${resp}</arg>
<arg>${i}</arg>
</arguments>
<status status="PASS" starttime="20190118 00:34:24.467" endtime="20190118 00:34:24.468"></status>
</kw>
<status status="PASS" starttime="20190118 00:34:24.467" endtime="20190118 00:34:24.468"></status>
</kw>
<kw name="${i} = id" type="foritem">
<kw name="Should Contain" library="BuiltIn">
<doc>Fails if ``container`` does not contain ``item`` one or more times.</doc>
<arguments>
<arg>${resp}</arg>
<arg>${i}</arg>
</arguments>
<status status="PASS" starttime="20190118 00:34:24.471" endtime="20190118 00:34:24.472"></status>
</kw>
<status status="PASS" starttime="20190118 00:34:24.470" endtime="20190118 00:34:24.472"></status>
</kw>
<kw name="${i} = name" type="foritem">
<kw name="Should Contain" library="BuiltIn">
<doc>Fails if ``container`` does not contain ``item`` one or more times.</doc>
<arguments>
<arg>${resp}</arg>
<arg>${i}</arg>
</arguments>
<status status="PASS" starttime="20190118 00:34:24.472" endtime="20190118 00:34:24.473"></status>
</kw>
<status status="PASS" starttime="20190118 00:34:24.472" endtime="20190118 00:34:24.473"></status>
</kw>
<kw name="${i} = 写作方法" type="foritem">
<kw name="Should Contain" library="BuiltIn">
<doc>Fails if ``container`` does not contain ``item`` one or more times.</doc>
<arguments>
<arg>${resp}</arg>
<arg>${i}</arg>
</arguments>
<status status="PASS" starttime="20190118 00:34:24.474" endtime="20190118 00:34:24.474"></status>
</kw>
<status status="PASS" starttime="20190118 00:34:24.473" endtime="20190118 00:34:24.474"></status>
</kw>
<kw name="${i} = 写作基础" type="foritem">
<kw name="Should Contain" library="BuiltIn">
<doc>Fails if ``container`` does not contain ``item`` one or more times.</doc>
<arguments>
<arg>${resp}</arg>
<arg>${i}</arg>
</arguments>
<status status="PASS" starttime="20190118 00:34:24.475" endtime="20190118 00:34:24.476"></status>
</kw>
<status status="PASS" starttime="20190118 00:34:24.475" endtime="20190118 00:34:24.476"></status>
</kw>
<kw name="${i} = 经验交流" type="foritem">
<kw name="Should Contain" library="BuiltIn">
<doc>Fails if ``container`` does not contain ``item`` one or more times.</doc>
<arguments>
<arg>${resp}</arg>
<arg>${i}</arg>
</arguments>
<status status="PASS" starttime="20190118 00:34:24.476" endtime="20190118 00:34:24.477"></status>
</kw>
<status status="PASS" starttime="20190118 00:34:24.476" endtime="20190118 00:34:24.477"></status>
</kw>
<kw name="${i} = 文学常识" type="foritem">
<kw name="Should Contain" library="BuiltIn">
<doc>Fails if ``container`` does not contain ``item`` one or more times.</doc>
<arguments>
<arg>${resp}</arg>
<arg>${i}</arg>
</arguments>
<status status="PASS" starttime="20190118 00:34:24.478" endtime="20190118 00:34:24.478"></status>
</kw>
<status status="PASS" starttime="20190118 00:34:24.478" endtime="20190118 00:34:24.478"></status>
</kw>
<status status="PASS" starttime="20190118 00:34:24.454" endtime="20190118 00:34:24.478"></status>
</kw>
<kw name="Base Assert">
<arguments>
<arg>${resp}</arg>
</arguments>
<kw name="Should Contain" library="BuiltIn">
<doc>Fails if ``container`` does not contain ``item`` one or more times.</doc>
<arguments>
<arg>${resp}</arg>
<arg>"errmsg":"操作成功"</arg>
</arguments>
<status status="PASS" starttime="20190118 00:34:24.479" endtime="20190118 00:34:24.480"></status>
</kw>
<kw name="Should Contain" library="BuiltIn">
<doc>Fails if ``container`` does not contain ``item`` one or more times.</doc>
<arguments>
<arg>${resp}</arg>
<arg>"state":200</arg>
</arguments>
<status status="PASS" starttime="20190118 00:34:24.480" endtime="20190118 00:34:24.481"></status>
</kw>
<kw name="Should Contain" library="BuiltIn">
<doc>Fails if ``container`` does not contain ``item`` one or more times.</doc>
<arguments>
<arg>${resp}</arg>
<arg>"errcode":0</arg>
</arguments>
<status status="PASS" starttime="20190118 00:34:24.481" endtime="20190118 00:34:24.482"></status>
</kw>
<status status="PASS" starttime="20190118 00:34:24.479" endtime="20190118 00:34:24.483"></status>
</kw>
<kw name="Should Contain" library="BuiltIn">
<doc>Fails if ``container`` does not contain ``item`` one or more times.</doc>
<arguments>
<arg>${resp}</arg>
<arg>"name":"三年级"</arg>
</arguments>
<status status="PASS" starttime="20190118 00:34:24.483" endtime="20190118 00:34:24.484"></status>
</kw>
<kw name="Should Contain" library="BuiltIn">
<doc>Fails if ``container`` does not contain ``item`` one or more times.</doc>
<arguments>
<arg>${resp}</arg>
<arg>"name":"四年级"</arg>
</arguments>
<status status="PASS" starttime="20190118 00:34:24.485" endtime="20190118 00:34:24.486"></status>
</kw>
<kw name="Should Contain" library="BuiltIn">
<doc>Fails if ``container`` does not contain ``item`` one or more times.</doc>
<arguments>
<arg>${resp}</arg>
<arg>"name":"五年级"</arg>
</arguments>
<status status="PASS" starttime="20190118 00:34:24.486" endtime="20190118 00:34:24.486"></status>
</kw>
<kw name="Should Contain" library="BuiltIn">
<doc>Fails if ``container`` does not contain ``item`` one or more times.</doc>
<arguments>
<arg>${resp}</arg>
<arg>"name":"六年级"</arg>
</arguments>
<status status="PASS" starttime="20190118 00:34:24.486" endtime="20190118 00:34:24.487"></status>
</kw>
<kw name="Teardown Test" type="teardown">
<kw name="Log" library="BuiltIn">
<doc>Logs the given message with the given level.</doc>
<arguments>
<arg>*-*-*-*-*-*-*-*-*-* End Test *-*-*-*-*-*-*-*-*-*</arg>
</arguments>
<msg timestamp="20190118 00:34:24.488" level="INFO">*-*-*-*-*-*-*-*-*-* End Test *-*-*-*-*-*-*-*-*-*</msg>
<status status="PASS" starttime="20190118 00:34:24.487" endtime="20190118 00:34:24.488"></status>
</kw>
<kw name="Sleep" library="BuiltIn">
<doc>Pauses the test executed for the given time.</doc>
<arguments>
<arg>${DELAY}</arg>
</arguments>
<msg timestamp="20190118 00:34:25.491" level="INFO">Slept 1 second</msg>
<status status="PASS" starttime="20190118 00:34:24.488" endtime="20190118 00:34:25.492"></status>
</kw>
<status status="PASS" starttime="20190118 00:34:24.487" endtime="20190118 00:34:25.492"></status>
</kw>
<status status="PASS" starttime="20190118 00:34:24.347" endtime="20190118 00:34:25.493" critical="yes"></status>
</test>
<test id="s1-s1-s1-t9" name="作文列表筛选项(cate=0)">
<kw name="Setup Test" type="setup">
<kw name="Log" library="BuiltIn">
<doc>Logs the given message with the given level.</doc>
<arguments>
<arg>*-*-*-*-*-*-*-*-*-* Start Test *-*-*-*-*-*-*-*-*-*</arg>
</arguments>
<msg timestamp="20190118 00:34:25.496" level="INFO">*-*-*-*-*-*-*-*-*-* Start Test *-*-*-*-*-*-*-*-*-*</msg>
<status status="PASS" starttime="20190118 00:34:25.496" endtime="20190118 00:34:25.496"></status>
</kw>
<status status="PASS" starttime="20190118 00:34:25.495" endtime="20190118 00:34:25.496"></status>
</kw>
<kw name="Get Method">
<arguments>
<arg>/zwtools/artlist/option?cate=0</arg>
</arguments>
<assign>
<var>${resp}</var>
</assign>
<kw name="Get Request" library="RequestsLibrary">
<doc>Send a GET request on the session object found using the
given `alias`</doc>
<arguments>
<arg>${host}</arg>
<arg>${uri}</arg>
</arguments>
<assign>
<var>${response}</var>
</assign>
<msg timestamp="20190118 00:34:25.590" level="INFO">Get Request using : alias=zwtoolsapi, uri=/zwtools/artlist/option?cate=0, headers=None json=None</msg>
<msg timestamp="20190118 00:34:25.590" level="INFO">${response} = &lt;Response [200]&gt;</msg>
<status status="PASS" starttime="20190118 00:34:25.497" endtime="20190118 00:34:25.590"></status>
</kw>
<kw name="Should Be True" library="BuiltIn">
<doc>Fails if the given condition is not true.</doc>
<arguments>
<arg>${response.status_code}==200</arg>
</arguments>
<status status="PASS" starttime="20190118 00:34:25.591" endtime="20190118 00:34:25.593"></status>
</kw>
<msg timestamp="20190118 00:34:25.594" level="INFO">${resp} = {"errcode":0,"errmsg":"cate值不存在","version":"1.0","res":null,"state":404}</msg>
<status status="PASS" starttime="20190118 00:34:25.497" endtime="20190118 00:34:25.594"></status>
</kw>
<kw name="Should Contain" library="BuiltIn">
<doc>Fails if ``container`` does not contain ``item`` one or more times.</doc>
<arguments>
<arg>${resp}</arg>
<arg>"errmsg":"cate值不存在"</arg>
</arguments>
<status status="PASS" starttime="20190118 00:34:25.595" endtime="20190118 00:34:25.597"></status>
</kw>
<kw name="Should Contain" library="BuiltIn">
<doc>Fails if ``container`` does not contain ``item`` one or more times.</doc>
<arguments>
<arg>${resp}</arg>
<arg>"state":404</arg>
</arguments>
<status status="PASS" starttime="20190118 00:34:25.598" endtime="20190118 00:34:25.602"></status>
</kw>
<kw name="Should Contain" library="BuiltIn">
<doc>Fails if ``container`` does not contain ``item`` one or more times.</doc>
<arguments>
<arg>${resp}</arg>
<arg>"res":null</arg>
</arguments>
<status status="PASS" starttime="20190118 00:34:25.604" endtime="20190118 00:34:25.612"></status>
</kw>
<kw name="Teardown Test" type="teardown">
<kw name="Log" library="BuiltIn">
<doc>Logs the given message with the given level.</doc>
<arguments>
<arg>*-*-*-*-*-*-*-*-*-* End Test *-*-*-*-*-*-*-*-*-*</arg>
</arguments>
<msg timestamp="20190118 00:34:25.617" level="INFO">*-*-*-*-*-*-*-*-*-* End Test *-*-*-*-*-*-*-*-*-*</msg>
<status status="PASS" starttime="20190118 00:34:25.615" endtime="20190118 00:34:25.618"></status>
</kw>
<kw name="Sleep" library="BuiltIn">
<doc>Pauses the test executed for the given time.</doc>
<arguments>
<arg>${DELAY}</arg>
</arguments>
<msg timestamp="20190118 00:34:26.620" level="INFO">Slept 1 second</msg>
<status status="PASS" starttime="20190118 00:34:25.619" endtime="20190118 00:34:26.620"></status>
</kw>
<status status="PASS" starttime="20190118 00:34:25.613" endtime="20190118 00:34:26.621"></status>
</kw>
<status status="PASS" starttime="20190118 00:34:25.493" endtime="20190118 00:34:26.621" critical="yes"></status>
</test>
<test id="s1-s1-s1-t10" name="作文列表筛选项(cate=)">
<kw name="Setup Test" type="setup">
<kw name="Log" library="BuiltIn">
<doc>Logs the given message with the given level.</doc>
<arguments>
<arg>*-*-*-*-*-*-*-*-*-* Start Test *-*-*-*-*-*-*-*-*-*</arg>
</arguments>
<msg timestamp="20190118 00:34:26.624" level="INFO">*-*-*-*-*-*-*-*-*-* Start Test *-*-*-*-*-*-*-*-*-*</msg>
<status status="PASS" starttime="20190118 00:34:26.624" endtime="20190118 00:34:26.624"></status>
</kw>
<status status="PASS" starttime="20190118 00:34:26.623" endtime="20190118 00:34:26.624"></status>
</kw>
<kw name="Get Method">
<arguments>
<arg>/zwtools/artlist/option?cate=</arg>
</arguments>
<assign>
<var>${resp}</var>
</assign>
<kw name="Get Request" library="RequestsLibrary">
<doc>Send a GET request on the session object found using the
given `alias`</doc>
<arguments>
<arg>${host}</arg>
<arg>${uri}</arg>
</arguments>
<assign>
<var>${response}</var>
</assign>
<msg timestamp="20190118 00:34:26.718" level="INFO">Get Request using : alias=zwtoolsapi, uri=/zwtools/artlist/option?cate=, headers=None json=None</msg>
<msg timestamp="20190118 00:34:26.719" level="INFO">${response} = &lt;Response [200]&gt;</msg>
<status status="PASS" starttime="20190118 00:34:26.625" endtime="20190118 00:34:26.719"></status>
</kw>
<kw name="Should Be True" library="BuiltIn">
<doc>Fails if the given condition is not true.</doc>
<arguments>
<arg>${response.status_code}==200</arg>
</arguments>
<status status="PASS" starttime="20190118 00:34:26.720" endtime="20190118 00:34:26.723"></status>
</kw>
<msg timestamp="20190118 00:34:26.725" level="INFO">${resp} = {"errcode":0,"errmsg":"cate值不存在","version":"1.0","res":null,"state":404}</msg>
<status status="PASS" starttime="20190118 00:34:26.625" endtime="20190118 00:34:26.725"></status>
</kw>
<kw name="Should Contain" library="BuiltIn">
<doc>Fails if ``container`` does not contain ``item`` one or more times.</doc>
<arguments>
<arg>${resp}</arg>
<arg>"errmsg":"cate值不存在"</arg>
</arguments>
<status status="PASS" starttime="20190118 00:34:26.725" endtime="20190118 00:34:26.727"></status>
</kw>
<kw name="Should Contain" library="BuiltIn">
<doc>Fails if ``container`` does not contain ``item`` one or more times.</doc>
<arguments>
<arg>${resp}</arg>
<arg>"state":404</arg>
</arguments>
<status status="PASS" starttime="20190118 00:34:26.732" endtime="20190118 00:34:26.733"></status>
</kw>
<kw name="Should Contain" library="BuiltIn">
<doc>Fails if ``container`` does not contain ``item`` one or more times.</doc>
<arguments>
<arg>${resp}</arg>
<arg>"res":null</arg>
</arguments>
<status status="PASS" starttime="20190118 00:34:26.733" endtime="20190118 00:34:26.737"></status>
</kw>
<kw name="Teardown Test" type="teardown">
<kw name="Log" library="BuiltIn">
<doc>Logs the given message with the given level.</doc>
<arguments>
<arg>*-*-*-*-*-*-*-*-*-* End Test *-*-*-*-*-*-*-*-*-*</arg>
</arguments>
<msg timestamp="20190118 00:34:26.740" level="INFO">*-*-*-*-*-*-*-*-*-* End Test *-*-*-*-*-*-*-*-*-*</msg>
<status status="PASS" starttime="20190118 00:34:26.739" endtime="20190118 00:34:26.741"></status>
</kw>
<kw name="Sleep" library="BuiltIn">
<doc>Pauses the test executed for the given time.</doc>
<arguments>
<arg>${DELAY}</arg>
</arguments>
<msg timestamp="20190118 00:34:27.743" level="INFO">Slept 1 second</msg>
<status status="PASS" starttime="20190118 00:34:26.742" endtime="20190118 00:34:27.743"></status>
</kw>
<status status="PASS" starttime="20190118 00:34:26.738" endtime="20190118 00:34:27.744"></status>
</kw>
<status status="PASS" starttime="20190118 00:34:26.622" endtime="20190118 00:34:27.744" critical="yes"></status>
</test>
<test id="s1-s1-s1-t11" name="作文列表筛选项(cate=&quot;1&quot;)">
<kw name="Setup Test" type="setup">
<kw name="Log" library="BuiltIn">
<doc>Logs the given message with the given level.</doc>
<arguments>
<arg>*-*-*-*-*-*-*-*-*-* Start Test *-*-*-*-*-*-*-*-*-*</arg>
</arguments>
<msg timestamp="20190118 00:34:27.748" level="INFO">*-*-*-*-*-*-*-*-*-* Start Test *-*-*-*-*-*-*-*-*-*</msg>
<status status="PASS" starttime="20190118 00:34:27.748" endtime="20190118 00:34:27.748"></status>
</kw>
<status status="PASS" starttime="20190118 00:34:27.747" endtime="20190118 00:34:27.749"></status>
</kw>
<kw name="Get Method">
<arguments>
<arg>/zwtools/artlist/option?cate="1"</arg>
</arguments>
<assign>
<var>${resp}</var>
</assign>
<kw name="Get Request" library="RequestsLibrary">
<doc>Send a GET request on the session object found using the
given `alias`</doc>
<arguments>
<arg>${host}</arg>
<arg>${uri}</arg>
</arguments>
<assign>
<var>${response}</var>
</assign>
<msg timestamp="20190118 00:34:27.842" level="INFO">Get Request using : alias=zwtoolsapi, uri=/zwtools/artlist/option?cate="1", headers=None json=None</msg>
<msg timestamp="20190118 00:34:27.843" level="INFO">${response} = &lt;Response [200]&gt;</msg>
<status status="PASS" starttime="20190118 00:34:27.749" endtime="20190118 00:34:27.844"></status>
</kw>
<kw name="Should Be True" library="BuiltIn">
<doc>Fails if the given condition is not true.</doc>
<arguments>
<arg>${response.status_code}==200</arg>
</arguments>
<status status="PASS" starttime="20190118 00:34:27.845" endtime="20190118 00:34:27.849"></status>
</kw>
<msg timestamp="20190118 00:34:27.853" level="INFO">${resp} = {"errcode":0,"errmsg":"cate值不存在","version":"1.0","res":null,"state":404}</msg>
<status status="PASS" starttime="20190118 00:34:27.749" endtime="20190118 00:34:27.854"></status>
</kw>
<kw name="Should Contain" library="BuiltIn">
<doc>Fails if ``container`` does not contain ``item`` one or more times.</doc>
<arguments>
<arg>${resp}</arg>
<arg>"errmsg":"cate值不存在"</arg>
</arguments>
<status status="PASS" starttime="20190118 00:34:27.856" endtime="20190118 00:34:27.859"></status>
</kw>
<kw name="Should Contain" library="BuiltIn">
<doc>Fails if ``container`` does not contain ``item`` one or more times.</doc>
<arguments>
<arg>${resp}</arg>
<arg>"state":404</arg>
</arguments>
<status status="PASS" starttime="20190118 00:34:27.861" endtime="20190118 00:34:27.863"></status>
</kw>
<kw name="Should Contain" library="BuiltIn">
<doc>Fails if ``container`` does not contain ``item`` one or more times.</doc>
<arguments>
<arg>${resp}</arg>
<arg>"res":null</arg>
</arguments>
<status status="PASS" starttime="20190118 00:34:27.864" endtime="20190118 00:34:27.865"></status>
</kw>
<kw name="Teardown Test" type="teardown">
<kw name="Log" library="BuiltIn">
<doc>Logs the given message with the given level.</doc>
<arguments>
<arg>*-*-*-*-*-*-*-*-*-* End Test *-*-*-*-*-*-*-*-*-*</arg>
</arguments>
<msg timestamp="20190118 00:34:27.868" level="INFO">*-*-*-*-*-*-*-*-*-* End Test *-*-*-*-*-*-*-*-*-*</msg>
<status status="PASS" starttime="20190118 00:34:27.866" endtime="20190118 00:34:27.868"></status>
</kw>
<kw name="Sleep" library="BuiltIn">
<doc>Pauses the test executed for the given time.</doc>
<arguments>
<arg>${DELAY}</arg>
</arguments>
<msg timestamp="20190118 00:34:28.871" level="INFO">Slept 1 second</msg>
<status status="PASS" starttime="20190118 00:34:27.869" endtime="20190118 00:34:28.871"></status>
</kw>
<status status="PASS" starttime="20190118 00:34:27.866" endtime="20190118 00:34:28.872"></status>
</kw>
<status status="PASS" starttime="20190118 00:34:27.745" endtime="20190118 00:34:28.872" critical="yes"></status>
</test>
<test id="s1-s1-s1-t12" name="作文列表">
<kw name="Setup Test" type="setup">
<kw name="Log" library="BuiltIn">
<doc>Logs the given message with the given level.</doc>
<arguments>
<arg>*-*-*-*-*-*-*-*-*-* Start Test *-*-*-*-*-*-*-*-*-*</arg>
</arguments>
<msg timestamp="20190118 00:34:28.875" level="INFO">*-*-*-*-*-*-*-*-*-* Start Test *-*-*-*-*-*-*-*-*-*</msg>
<status status="PASS" starttime="20190118 00:34:28.875" endtime="20190118 00:34:28.876"></status>
</kw>
<status status="PASS" starttime="20190118 00:34:28.874" endtime="20190118 00:34:28.876"></status>
</kw>
<kw name="Get Method">
<arguments>
<arg>/zwtools/artlist?cate=1&amp;start=0&amp;limit=20&amp;keyword=</arg>
</arguments>
<assign>
<var>${resp}</var>
</assign>
<kw name="Get Request" library="RequestsLibrary">
<doc>Send a GET request on the session object found using the
given `alias`</doc>
<arguments>
<arg>${host}</arg>
<arg>${uri}</arg>
</arguments>
<assign>
<var>${response}</var>
</assign>
<msg timestamp="20190118 00:34:29.454" level="INFO">Get Request using : alias=zwtoolsapi, uri=/zwtools/artlist?cate=1&amp;start=0&amp;limit=20&amp;keyword=, headers=None json=None</msg>
<msg timestamp="20190118 00:34:29.455" level="INFO">${response} = &lt;Response [200]&gt;</msg>
<status status="PASS" starttime="20190118 00:34:28.877" endtime="20190118 00:34:29.455"></status>
</kw>
<kw name="Should Be True" library="BuiltIn">
<doc>Fails if the given condition is not true.</doc>
<arguments>
<arg>${response.status_code}==200</arg>
</arguments>
<status status="PASS" starttime="20190118 00:34:29.455" endtime="20190118 00:34:29.457"></status>
</kw>
<msg timestamp="20190118 00:34:29.458" level="INFO">${resp} = {"errcode":0,"errmsg":"操作成功","version":"1.0","res":{"list":[{"id":"268858","title":"第三条狗（1）_600字","intro":"我家先前本养了两条狗 第一只叫毛毛，它是只母狗吉娃娃，是个混眼子，老跑到别人家，叫也叫不出来！最后邻居把大门打开，它逃跑了第二次，这次再也没回来 第二只叫豆豆，它是只公狼狗，","typ...</msg>
<status status="PASS" starttime="20190118 00:34:28.876" endtime="20190118 00:34:29.459"></status>
</kw>
<kw name="Create List" library="BuiltIn">
<doc>Returns a list containing given items.</doc>
<arguments>
<arg>id</arg>
<arg>intro</arg>
<arg>title</arg>
<arg>typeid</arg>
<arg>typename</arg>
<arg>total</arg>
<arg>grade</arg>
<arg>type</arg>
</arguments>
<assign>
<var>@{element}</var>
</assign>
<msg timestamp="20190118 00:34:29.461" level="INFO">@{element} = [ id | intro | title | typeid | typename | total | grade | type ]</msg>
<status status="PASS" starttime="20190118 00:34:29.459" endtime="20190118 00:34:29.461"></status>
</kw>
<kw name="${i} IN [ @{element} ]" type="for">
<kw name="${i} = id" type="foritem">
<kw name="Should Contain" library="BuiltIn">
<doc>Fails if ``container`` does not contain ``item`` one or more times.</doc>
<arguments>
<arg>${resp}</arg>
<arg>${i}</arg>
</arguments>
<status status="PASS" starttime="20190118 00:34:29.463" endtime="20190118 00:34:29.465"></status>
</kw>
<status status="PASS" starttime="20190118 00:34:29.462" endtime="20190118 00:34:29.466"></status>
</kw>
<kw name="${i} = intro" type="foritem">
<kw name="Should Contain" library="BuiltIn">
<doc>Fails if ``container`` does not contain ``item`` one or more times.</doc>
<arguments>
<arg>${resp}</arg>
<arg>${i}</arg>
</arguments>
<status status="PASS" starttime="20190118 00:34:29.467" endtime="20190118 00:34:29.467"></status>
</kw>
<status status="PASS" starttime="20190118 00:34:29.467" endtime="20190118 00:34:29.468"></status>
</kw>
<kw name="${i} = title" type="foritem">
<kw name="Should Contain" library="BuiltIn">
<doc>Fails if ``container`` does not contain ``item`` one or more times.</doc>
<arguments>
<arg>${resp}</arg>
<arg>${i}</arg>
</arguments>
<status status="PASS" starttime="20190118 00:34:29.472" endtime="20190118 00:34:29.472"></status>
</kw>
<status status="PASS" starttime="20190118 00:34:29.470" endtime="20190118 00:34:29.473"></status>
</kw>
[...]
</kw>
<status status="PASS" starttime="20190118 00:34:52.927" endtime="20190118 00:34:52.929"></status>
</kw>
<kw name="${i} = intro" type="foritem">
<kw name="Should Contain" library="BuiltIn">
<doc>Fails if ``container`` does not contain ``item`` one or more times.</doc>
<arguments>
<arg>${resp}</arg>
<arg>${i}</arg>
</arguments>
<status status="PASS" starttime="20190118 00:34:52.930" endtime="20190118 00:34:52.932"></status>
</kw>
<status status="PASS" starttime="20190118 00:34:52.930" endtime="20190118 00:34:52.932"></status>
</kw>
<kw name="${i} = total" type="foritem">
<kw name="Should Contain" library="BuiltIn">
<doc>Fails if ``container`` does not contain ``item`` one or more times.</doc>
<arguments>
<arg>${resp}</arg>
<arg>${i}</arg>
</arguments>
<status status="PASS" starttime="20190118 00:34:52.933" endtime="20190118 00:34:52.933"></status>
</kw>
<status status="PASS" starttime="20190118 00:34:52.932" endtime="20190118 00:34:52.934"></status>
</kw>
<kw name="${i} = limit" type="foritem">
<kw name="Should Contain" library="BuiltIn">
<doc>Fails if ``container`` does not contain ``item`` one or more times.</doc>
<arguments>
<arg>${resp}</arg>
<arg>${i}</arg>
</arguments>
<status status="PASS" starttime="20190118 00:34:52.935" endtime="20190118 00:34:52.936"></status>
</kw>
<status status="PASS" starttime="20190118 00:34:52.934" endtime="20190118 00:34:52.936"></status>
</kw>
<kw name="${i} = cate" type="foritem">
<kw name="Should Contain" library="BuiltIn">
<doc>Fails if ``container`` does not contain ``item`` one or more times.</doc>
<arguments>
<arg>${resp}</arg>
<arg>${i}</arg>
</arguments>
<status status="PASS" starttime="20190118 00:34:52.937" endtime="20190118 00:34:52.937"></status>
</kw>
<status status="PASS" starttime="20190118 00:34:52.936" endtime="20190118 00:34:52.937"></status>
</kw>
<kw name="${i} = offset" type="foritem">
<kw name="Should Contain" library="BuiltIn">
<doc>Fails if ``container`` does not contain ``item`` one or more times.</doc>
<arguments>
<arg>${resp}</arg>
<arg>${i}</arg>
</arguments>
<status status="PASS" starttime="20190118 00:34:52.937" endtime="20190118 00:34:52.938"></status>
</kw>
<status status="PASS" starttime="20190118 00:34:52.937" endtime="20190118 00:34:52.938"></status>
</kw>
<kw name="${i} = more" type="foritem">
<kw name="Should Contain" library="BuiltIn">
<doc>Fails if ``container`` does not contain ``item`` one or more times.</doc>
<arguments>
<arg>${resp}</arg>
<arg>${i}</arg>
</arguments>
<status status="PASS" starttime="20190118 00:34:52.939" endtime="20190118 00:34:52.939"></status>
</kw>
<status status="PASS" starttime="20190118 00:34:52.938" endtime="20190118 00:34:52.940"></status>
</kw>
<status status="PASS" starttime="20190118 00:34:52.910" endtime="20190118 00:34:52.940"></status>
</kw>
<kw name="Base Assert">
<arguments>
<arg>${resp}</arg>
</arguments>
<kw name="Should Contain" library="BuiltIn">
<doc>Fails if ``container`` does not contain ``item`` one or more times.</doc>
<arguments>
<arg>${resp}</arg>
<arg>"errmsg":"操作成功"</arg>
</arguments>
<status status="PASS" starttime="20190118 00:34:52.941" endtime="20190118 00:34:52.942"></status>
</kw>
<kw name="Should Contain" library="BuiltIn">
<doc>Fails if ``container`` does not contain ``item`` one or more times.</doc>
<arguments>
<arg>${resp}</arg>
<arg>"state":200</arg>
</arguments>
<status status="PASS" starttime="20190118 00:34:52.942" endtime="20190118 00:34:52.942"></status>
</kw>
<kw name="Should Contain" library="BuiltIn">
<doc>Fails if ``container`` does not contain ``item`` one or more times.</doc>
<arguments>
<arg>${resp}</arg>
<arg>"errcode":0</arg>
</arguments>
<status status="PASS" starttime="20190118 00:34:52.943" endtime="20190118 00:34:52.943"></status>
</kw>
<status status="PASS" starttime="20190118 00:34:52.940" endtime="20190118 00:34:52.943"></status>
</kw>
<kw name="Should Contain" library="BuiltIn">
<doc>Fails if ``container`` does not contain ``item`` one or more times.</doc>
<arguments>
<arg>${resp}</arg>
<arg>"typename":"叙事作文"</arg>
</arguments>
<status status="PASS" starttime="20190118 00:34:52.944" endtime="20190118 00:34:52.944"></status>
</kw>
<kw name="Should Contain" library="BuiltIn">
<doc>Fails if ``container`` does not contain ``item`` one or more times.</doc>
<arguments>
<arg>${resp}</arg>
<arg>"more":1</arg>
</arguments>
<status status="PASS" starttime="20190118 00:34:52.945" endtime="20190118 00:34:52.945"></status>
</kw>
<kw name="Teardown Test" type="teardown">
<kw name="Log" library="BuiltIn">
<doc>Logs the given message with the given level.</doc>
<arguments>
<arg>*-*-*-*-*-*-*-*-*-* End Test *-*-*-*-*-*-*-*-*-*</arg>
</arguments>
<msg timestamp="20190118 00:34:52.946" level="INFO">*-*-*-*-*-*-*-*-*-* End Test *-*-*-*-*-*-*-*-*-*</msg>
<status status="PASS" starttime="20190118 00:34:52.945" endtime="20190118 00:34:52.946"></status>
</kw>
<kw name="Sleep" library="BuiltIn">
<doc>Pauses the test executed for the given time.</doc>
<arguments>
<arg>${DELAY}</arg>
</arguments>
<msg timestamp="20190118 00:34:53.948" level="INFO">Slept 1 second</msg>
<status status="PASS" starttime="20190118 00:34:52.946" endtime="20190118 00:34:53.949"></status>
</kw>
<status status="PASS" starttime="20190118 00:34:52.945" endtime="20190118 00:34:53.949"></status>
</kw>
<status status="PASS" starttime="20190118 00:34:52.621" endtime="20190118 00:34:53.950" critical="yes"></status>
</test>
<test id="s1-s1-s1-t30" name="搜索(grade=100)">
<kw name="Setup Test" type="setup">
<kw name="Log" library="BuiltIn">
<doc>Logs the given message with the given level.</doc>
<arguments>
<arg>*-*-*-*-*-*-*-*-*-* Start Test *-*-*-*-*-*-*-*-*-*</arg>
</arguments>
<msg timestamp="20190118 00:34:53.953" level="INFO">*-*-*-*-*-*-*-*-*-* Start Test *-*-*-*-*-*-*-*-*-*</msg>
<status status="PASS" starttime="20190118 00:34:53.952" endtime="20190118 00:34:53.953"></status>
</kw>
<status status="PASS" starttime="20190118 00:34:53.951" endtime="20190118 00:34:53.953"></status>
</kw>
<kw name="Get Method">
<arguments>
<arg>/zwtools/search?keyword=%E4%BD%9C%E6%96%87&amp;grade=100</arg>
</arguments>
<assign>
<var>${resp}</var>
</assign>
<kw name="Get Request" library="RequestsLibrary">
<doc>Send a GET request on the session object found using the
given `alias`</doc>
<arguments>
<arg>${host}</arg>
<arg>${uri}</arg>
</arguments>
<assign>
<var>${response}</var>
</assign>
<msg timestamp="20190118 00:34:54.094" level="INFO">Get Request using : alias=zwtoolsapi, uri=/zwtools/search?keyword=%E4%BD%9C%E6%96%87&amp;grade=100, headers=None json=None</msg>
<msg timestamp="20190118 00:34:54.095" level="INFO">${response} = &lt;Response [200]&gt;</msg>
<status status="PASS" starttime="20190118 00:34:53.954" endtime="20190118 00:34:54.095"></status>
</kw>
<kw name="Should Be True" library="BuiltIn">
<doc>Fails if the given condition is not true.</doc>
<arguments>
<arg>${response.status_code}==200</arg>
</arguments>
<status status="PASS" starttime="20190118 00:34:54.097" endtime="20190118 00:34:54.098"></status>
</kw>
<msg timestamp="20190118 00:34:54.099" level="INFO">${resp} = {"errcode":0,"errmsg":"操作成功","version":"1.0","res":{"searchlist":[]},"state":200}</msg>
<status status="PASS" starttime="20190118 00:34:53.953" endtime="20190118 00:34:54.099"></status>
</kw>
<kw name="Base Assert">
<arguments>
<arg>${resp}</arg>
</arguments>
<kw name="Should Contain" library="BuiltIn">
<doc>Fails if ``container`` does not contain ``item`` one or more times.</doc>
<arguments>
<arg>${resp}</arg>
<arg>"errmsg":"操作成功"</arg>
</arguments>
<status status="PASS" starttime="20190118 00:34:54.101" endtime="20190118 00:34:54.103"></status>
</kw>
<kw name="Should Contain" library="BuiltIn">
<doc>Fails if ``container`` does not contain ``item`` one or more times.</doc>
<arguments>
<arg>${resp}</arg>
<arg>"state":200</arg>
</arguments>
<status status="PASS" starttime="20190118 00:34:54.104" endtime="20190118 00:34:54.105"></status>
</kw>
<kw name="Should Contain" library="BuiltIn">
<doc>Fails if ``container`` does not contain ``item`` one or more times.</doc>
<arguments>
<arg>${resp}</arg>
<arg>"errcode":0</arg>
</arguments>
<status status="PASS" starttime="20190118 00:34:54.105" endtime="20190118 00:34:54.109"></status>
</kw>
<status status="PASS" starttime="20190118 00:34:54.100" endtime="20190118 00:34:54.111"></status>
</kw>
<kw name="Should Contain" library="BuiltIn">
<doc>Fails if ``container`` does not contain ``item`` one or more times.</doc>
<arguments>
<arg>${resp}</arg>
<arg>"searchlist":[]</arg>
</arguments>
<status status="PASS" starttime="20190118 00:34:54.112" endtime="20190118 00:34:54.115"></status>
</kw>
<kw name="Teardown Test" type="teardown">
<kw name="Log" library="BuiltIn">
<doc>Logs the given message with the given level.</doc>
<arguments>
<arg>*-*-*-*-*-*-*-*-*-* End Test *-*-*-*-*-*-*-*-*-*</arg>
</arguments>
<msg timestamp="20190118 00:34:54.118" level="INFO">*-*-*-*-*-*-*-*-*-* End Test *-*-*-*-*-*-*-*-*-*</msg>
<status status="PASS" starttime="20190118 00:34:54.118" endtime="20190118 00:34:54.119"></status>
</kw>
<kw name="Sleep" library="BuiltIn">
<doc>Pauses the test executed for the given time.</doc>
<arguments>
<arg>${DELAY}</arg>
</arguments>
<msg timestamp="20190118 00:34:55.123" level="INFO">Slept 1 second</msg>
<status status="PASS" starttime="20190118 00:34:54.120" endtime="20190118 00:34:55.124"></status>
</kw>
<status status="PASS" starttime="20190118 00:34:54.117" endtime="20190118 00:34:55.125"></status>
</kw>
<status status="PASS" starttime="20190118 00:34:53.950" endtime="20190118 00:34:55.125" critical="yes"></status>
</test>
<test id="s1-s1-s1-t31" name="分组筛选+搜索">
<kw name="Setup Test" type="setup">
<kw name="Log" library="BuiltIn">
<doc>Logs the given message with the given level.</doc>
<arguments>
<arg>*-*-*-*-*-*-*-*-*-* Start Test *-*-*-*-*-*-*-*-*-*</arg>
</arguments>
<msg timestamp="20190118 00:34:55.128" level="INFO">*-*-*-*-*-*-*-*-*-* Start Test *-*-*-*-*-*-*-*-*-*</msg>
<status status="PASS" starttime="20190118 00:34:55.128" endtime="20190118 00:34:55.128"></status>
</kw>
<status status="PASS" starttime="20190118 00:34:55.127" endtime="20190118 00:34:55.129"></status>
</kw>
<kw name="Get Method">
<arguments>
<arg>/zwtools/search/option?cate=1&amp;grade=3&amp;start=0&amp;limit=20&amp;keyword=%E4%BD%9C%E6%96%87</arg>
</arguments>
<assign>
<var>${resp}</var>
</assign>
<kw name="Get Request" library="RequestsLibrary">
<doc>Send a GET request on the session object found using the
given `alias`</doc>
<arguments>
<arg>${host}</arg>
<arg>${uri}</arg>
</arguments>
<assign>
<var>${response}</var>
</assign>
<msg timestamp="20190118 00:34:55.288" level="INFO">Get Request using : alias=zwtoolsapi, uri=/zwtools/search/option?cate=1&amp;grade=3&amp;start=0&amp;limit=20&amp;keyword=%E4%BD%9C%E6%96%87, headers=None json=None</msg>
<msg timestamp="20190118 00:34:55.288" level="INFO">${response} = &lt;Response [200]&gt;</msg>
<status status="PASS" starttime="20190118 00:34:55.129" endtime="20190118 00:34:55.288"></status>
</kw>
<kw name="Should Be True" library="BuiltIn">
<doc>Fails if the given condition is not true.</doc>
<arguments>
<arg>${response.status_code}==200</arg>
</arguments>
<status status="PASS" starttime="20190118 00:34:55.289" endtime="20190118 00:34:55.290"></status>
</kw>
<msg timestamp="20190118 00:34:55.290" level="INFO">${resp} = {"errcode":0,"errmsg":"操作成功","version":"1.0","res":{"list":[{"typeid":12,"id":237768,"title":"我与书_400字","typename":"叙事作文","intro":"看了一篇文章后，要仿写一篇作文。那时候，我对作文并不感兴趣，看起作..."},{"typeid":12,"id":254721,"titl...</msg>
<status status="PASS" starttime="20190118 00:34:55.129" endtime="20190118 00:34:55.297"></status>
</kw>
<kw name="Create List" library="BuiltIn">
<doc>Returns a list containing given items.</doc>
<arguments>
<arg>typeid</arg>
<arg>id</arg>
<arg>title</arg>
<arg>typename</arg>
<arg>intro</arg>
<arg>total</arg>
<arg>limit</arg>
<arg>cate</arg>
<arg>offset</arg>
</arguments>
<assign>
<var>@{element}</var>
</assign>
<msg timestamp="20190118 00:34:55.299" level="INFO">@{element} = [ typeid | id | title | typename | intro | total | limit | cate | offset ]</msg>
<status status="PASS" starttime="20190118 00:34:55.298" endtime="20190118 00:34:55.300"></status>
</kw>
<kw name="${i} IN [ @{element} ]" type="for">
<kw name="${i} = typeid" type="foritem">
<kw name="Should Contain" library="BuiltIn">
<doc>Fails if ``container`` does not contain ``item`` one or more times.</doc>
<arguments>
<arg>${resp}</arg>
<arg>${i}</arg>
</arguments>
<status status="PASS" starttime="20190118 00:34:55.302" endtime="20190118 00:34:55.302"></status>
</kw>
<status status="PASS" starttime="20190118 00:34:55.301" endtime="20190118 00:34:55.302"></status>
</kw>
<kw name="${i} = id" type="foritem">
<kw name="Should Contain" library="BuiltIn">
<doc>Fails if ``container`` does not contain ``item`` one or more times.</doc>
<arguments>
<arg>${resp}</arg>
<arg>${i}</arg>
</arguments>
<status status="PASS" starttime="20190118 00:34:55.304" endtime="20190118 00:34:55.305"></status>
</kw>
<status status="PASS" starttime="20190118 00:34:55.303" endtime="20190118 00:34:55.305"></status>
</kw>
<kw name="${i} = title" type="foritem">
<kw name="Should Contain" library="BuiltIn">
<doc>Fails if ``container`` does not contain ``item`` one or more times.</doc>
<arguments>
<arg>${resp}</arg>
<arg>${i}</arg>
</arguments>
<status status="PASS" starttime="20190118 00:34:55.306" endtime="20190118 00:34:55.307"></status>
</kw>
<status status="PASS" starttime="20190118 00:34:55.305" endtime="20190118 00:34:55.307"></status>
</kw>
<kw name="${i} = typename" type="foritem">
<kw name="Should Contain" library="BuiltIn">
<doc>Fails if ``container`` does not contain ``item`` one or more times.</doc>
<arguments>
<arg>${resp}</arg>
<arg>${i}</arg>
</arguments>
<status status="PASS" starttime="20190118 00:34:55.308" endtime="20190118 00:34:55.308"></status>
</kw>
<status status="PASS" starttime="20190118 00:34:55.307" endtime="20190118 00:34:55.309"></status>
</kw>
<kw name="${i} = intro" type="foritem">
<kw name="Should Contain" library="BuiltIn">
<doc>Fails if ``container`` does not contain ``item`` one or more times.</doc>
<arguments>
<arg>${resp}</arg>
<arg>${i}</arg>
</arguments>
<status status="PASS" starttime="20190118 00:34:55.311" endtime="20190118 00:34:55.312"></status>
</kw>
<status status="PASS" starttime="20190118 00:34:55.309" endtime="20190118 00:34:55.313"></status>
</kw>
<kw name="${i} = total" type="foritem">
<kw name="Should Contain" library="BuiltIn">
<doc>Fails if ``container`` does not contain ``item`` one or more times.</doc>
<arguments>
<arg>${resp}</arg>
<arg>${i}</arg>
</arguments>
<status status="PASS" starttime="20190118 00:34:55.316" endtime="20190118 00:34:55.317"></status>
</kw>
<status status="PASS" starttime="20190118 00:34:55.314" endtime="20190118 00:34:55.317"></status>
</kw>
<kw name="${i} = limit" type="foritem">
<kw name="Should Contain" library="BuiltIn">
<doc>Fails if ``container`` does not contain ``item`` one or more times.</doc>
<arguments>
<arg>${resp}</arg>
<arg>${i}</arg>
</arguments>
<status status="PASS" starttime="20190118 00:34:55.319" endtime="20190118 00:34:55.320"></status>
</kw>
<status status="PASS" starttime="20190118 00:34:55.318" endtime="20190118 00:34:55.320"></status>
</kw>
<kw name="${i} = cate" type="foritem">
<kw name="Should Contain" library="BuiltIn">
<doc>Fails if ``container`` does not contain ``item`` one or more times.</doc>
<arguments>
<arg>${resp}</arg>
<arg>${i}</arg>
</arguments>
<status status="PASS" starttime="20190118 00:34:55.321" endtime="20190118 00:34:55.323"></status>
</kw>
<status status="PASS" starttime="20190118 00:34:55.321" endtime="20190118 00:34:55.323"></status>
</kw>
<kw name="${i} = offset" type="foritem">
<kw name="Should Contain" library="BuiltIn">
<doc>Fails if ``container`` does not contain ``item`` one or more times.</doc>
<arguments>
<arg>${resp}</arg>
<arg>${i}</arg>
</arguments>
<status status="PASS" starttime="20190118 00:34:55.324" endtime="20190118 00:34:55.325"></status>
</kw>
<status status="PASS" starttime="20190118 00:34:55.324" endtime="20190118 00:34:55.325"></status>
</kw>
<status status="PASS" starttime="20190118 00:34:55.300" endtime="20190118 00:34:55.326"></status>
</kw>
<kw name="Base Assert">
<arguments>
<arg>${resp}</arg>
</arguments>
<kw name="Should Contain" library="BuiltIn">
<doc>Fails if ``container`` does not contain ``item`` one or more times.</doc>
<arguments>
<arg>${resp}</arg>
<arg>"errmsg":"操作成功"</arg>
</arguments>
<status status="PASS" starttime="20190118 00:34:55.327" endtime="20190118 00:34:55.329"></status>
</kw>
<kw name="Should Contain" library="BuiltIn">
<doc>Fails if ``container`` does not contain ``item`` one or more times.</doc>
<arguments>
<arg>${resp}</arg>
<arg>"state":200</arg>
</arguments>
<status status="PASS" starttime="20190118 00:34:55.330" endtime="20190118 00:34:55.331"></status>
</kw>
<kw name="Should Contain" library="BuiltIn">
<doc>Fails if ``container`` does not contain ``item`` one or more times.</doc>
<arguments>
<arg>${resp}</arg>
<arg>"errcode":0</arg>
</arguments>
<status status="PASS" starttime="20190118 00:34:55.331" endtime="20190118 00:34:55.332"></status>
</kw>
<status status="PASS" starttime="20190118 00:34:55.326" endtime="20190118 00:34:55.332"></status>
</kw>
<kw name="Should Contain" library="BuiltIn">
<doc>Fails if ``container`` does not contain ``item`` one or more times.</doc>
<arguments>
<arg>${resp}</arg>
<arg>"typename":"叙事作文"</arg>
</arguments>
<status status="PASS" starttime="20190118 00:34:55.332" endtime="20190118 00:34:55.333"></status>
</kw>
<kw name="Should Contain" library="BuiltIn">
<doc>Fails if ``container`` does not contain ``item`` one or more times.</doc>
<arguments>
<arg>${resp}</arg>
<arg>"title":"我感到自豪_500字"</arg>
</arguments>
<status status="PASS" starttime="20190118 00:34:55.333" endtime="20190118 00:34:55.333"></status>
</kw>
<kw name="Teardown Test" type="teardown">
<kw name="Log" library="BuiltIn">
<doc>Logs the given message with the given level.</doc>
<arguments>
<arg>*-*-*-*-*-*-*-*-*-* End Test *-*-*-*-*-*-*-*-*-*</arg>
</arguments>
<msg timestamp="20190118 00:34:55.334" level="INFO">*-*-*-*-*-*-*-*-*-* End Test *-*-*-*-*-*-*-*-*-*</msg>
<status status="PASS" starttime="20190118 00:34:55.334" endtime="20190118 00:34:55.334"></status>
</kw>
<kw name="Sleep" library="BuiltIn">
<doc>Pauses the test executed for the given time.</doc>
<arguments>
<arg>${DELAY}</arg>
</arguments>
<msg timestamp="20190118 00:34:56.337" level="INFO">Slept 1 second</msg>
<status status="PASS" starttime="20190118 00:34:55.335" endtime="20190118 00:34:56.338"></status>
</kw>
<status status="PASS" starttime="20190118 00:34:55.334" endtime="20190118 00:34:56.338"></status>
</kw>
<status status="PASS" starttime="20190118 00:34:55.126" endtime="20190118 00:34:56.339" critical="yes"></status>
</test>
<kw name="Delete All Sessions" library="RequestsLibrary" type="teardown">
<doc>Removes all the session objects</doc>
<msg timestamp="20190118 00:34:56.345" level="INFO">Delete All Sessions</msg>
<status status="PASS" starttime="20190118 00:34:56.344" endtime="20190118 00:34:56.345"></status>
</kw>
<status status="PASS" starttime="20190118 00:34:15.861" endtime="20190118 00:34:56.345"></status>
</suite>
<status status="PASS" starttime="20190118 00:34:15.859" endtime="20190118 00:34:56.372"></status>
</suite>
<status status="PASS" starttime="20190118 00:34:15.839" endtime="20190118 00:34:56.390"></status>
</suite>
<statistics>
<total>
<stat pass="31" fail="0">Critical Tests</stat>
<stat pass="31" fail="0">All Tests</stat>
</total>
<tag>
</tag>
<suite>
<stat pass="31" fail="0" id="s1" name="ApiTest">ApiTest</stat>
<stat pass="31" fail="0" id="s1-s1" name="作为辅导">ApiTest.作为辅导</stat>
<stat pass="31" fail="0" id="s1-s1-s1" name="Zwtools Online Api">ApiTest.作为辅导.Zwtools Online Api</stat>
</suite>
</statistics>
<errors>
</errors>
</robot>
