<?xml version="1.0" encoding="UTF-8"?>
<robot generator="Robot 3.1.1 (Python 3.7.0 on darwin)" generated="20190125 00:47:42.705" rpa="false">
<suite id="s1" name="ApiTest" source="/Users/songxiao/git/repository/ApiTest">
<suite id="s1-s1" name="APP7.3" source="/Users/songxiao/git/repository/ApiTest/APP7.3">
<suite id="s1-s1-s1" name="App7.3 Api" source="/Users/songxiao/git/repository/ApiTest/APP7.3/app7.3_api.robot">
<kw name="Get Vrf Params" type="setup">
<kw name="Get Method">
<doc>${server_addr}：服务器地址 
${uri}：资源地址 
${resp_keys}：返回报文中的字段 
0=0：开始计数为0</doc>
<arguments>
<arg>${VRFSERVER}</arg>
<arg>/getVrfToken</arg>
<arg>num=-1</arg>
</arguments>
<assign>
<var>${resp}</var>
</assign>
<kw name="Create Session" library="RequestsLibrary">
<doc>Create Session: create a HTTP session to a server</doc>
<arguments>
<arg>apitest</arg>
<arg>${serveraddr}</arg>
<arg>cookies=${cookie}</arg>
<arg>disable_warnings=1</arg>
</arguments>
<msg timestamp="20190125 00:47:43.010" level="INFO">Creating Session using : alias=apitest, url=http://aitools.dev.jzb.com, headers={},                     cookies=None, auth=None, timeout=None, proxies=None, verify=False,                     debug=0 </msg>
<status status="PASS" starttime="20190125 00:47:43.009" endtime="20190125 00:47:43.010"></status>
</kw>
<kw name="Get Request" library="RequestsLibrary">
<doc>Send a GET request on the session object found using the
given `alias`</doc>
<arguments>
<arg>apitest</arg>
<arg>${uri}</arg>
<arg>${header}</arg>
</arguments>
<assign>
<var>${resp}</var>
</assign>
<msg timestamp="20190125 00:47:43.311" level="INFO">Get Request using : alias=apitest, uri=/getVrfToken, headers=None json=None</msg>
<msg timestamp="20190125 00:47:43.311" level="INFO">${resp} = &lt;Response [200]&gt;</msg>
<status status="PASS" starttime="20190125 00:47:43.011" endtime="20190125 00:47:43.311"></status>
</kw>
<kw name="Should Be True" library="BuiltIn">
<doc>Fails if the given condition is not true.</doc>
<arguments>
<arg>${resp.status_code}==200</arg>
</arguments>
<status status="PASS" starttime="20190125 00:47:43.312" endtime="20190125 00:47:43.312"></status>
</kw>
<kw name="${i} IN [ @{resp_keys} ]" type="for">
<status status="PASS" starttime="20190125 00:47:43.312" endtime="20190125 00:47:43.312"></status>
</kw>
<kw name="Log" library="BuiltIn">
<doc>Logs the given message with the given level.</doc>
<arguments>
<arg>${resp.text}</arg>
</arguments>
<msg timestamp="20190125 00:47:43.313" level="INFO">{"errcode":0,"errmsg":"","objects":{"pinus":"MIGfMA0GCSqGSIb3DQEBAQUAA4GNADCBiQKBgQCP3zBC/eQCNH9dmLN1IR1ZDqiqIJT+csfrjrIljwy2WMZaHY709a7F4ff9lTf6XoMcL/ZuwASeq0MLwMwVn3+WXWWNYjn9JemGz4gzvfTuzmreL9/hGjzYYNUFqVjFirC3b5FKl78QyFtt1nPPZ3YMUgp5iUBT8GlKIXY7oVZuSQIDAQAB","X-Identity-Code":"jVZ/7LjXn2ILZVlBll3Td9kPzpYVb7yp4ZLDAt4ZSwA/uD4slNFNI8weMxif4+djRXzw0Xq1iG9RRLgIWKFoIVpLjwbX7xBQgasPM8uX3hgF2g+/Ws2StJ2ByHr02cdyLSw7NqT/snBywpNq2z8EeCexXfSO3tI3grG8kG3jV00="},"extention":null}</msg>
<status status="PASS" starttime="20190125 00:47:43.313" endtime="20190125 00:47:43.313"></status>
</kw>
<kw name="Get VrfNum">
<arguments>
<arg>${num}</arg>
</arguments>
<kw name="Evaluate" library="BuiltIn">
<doc>Evaluates the given expression in Python and returns the results.</doc>
<arguments>
<arg>${num}+1</arg>
</arguments>
<assign>
<var>${n}</var>
</assign>
<msg timestamp="20190125 00:47:43.314" level="INFO">${n} = 0</msg>
<status status="PASS" starttime="20190125 00:47:43.314" endtime="20190125 00:47:43.314"></status>
</kw>
<kw name="Set Global Variable" library="BuiltIn">
<doc>Makes a variable available globally in all tests and suites.</doc>
<arguments>
<arg>${n}</arg>
</arguments>
<msg timestamp="20190125 00:47:43.315" level="INFO">${n} = 0</msg>
<status status="PASS" starttime="20190125 00:47:43.314" endtime="20190125 00:47:43.315"></status>
</kw>
<kw name="Log" library="BuiltIn">
<doc>Logs the given message with the given level.</doc>
<arguments>
<arg>当前请求vrf接口共 ${n} 次</arg>
</arguments>
<msg timestamp="20190125 00:47:43.316" level="INFO">当前请求vrf接口共 0 次</msg>
<status status="PASS" starttime="20190125 00:47:43.315" endtime="20190125 00:47:43.316"></status>
</kw>
<status status="PASS" starttime="20190125 00:47:43.313" endtime="20190125 00:47:43.316"></status>
</kw>
<msg timestamp="20190125 00:47:43.316" level="INFO">${resp} = {"errcode":0,"errmsg":"","objects":{"pinus":"MIGfMA0GCSqGSIb3DQEBAQUAA4GNADCBiQKBgQCP3zBC/eQCNH9dmLN1IR1ZDqiqIJT+csfrjrIljwy2WMZaHY709a7F4ff9lTf6XoMcL/ZuwASeq0MLwMwVn3+WXWWNYjn9JemGz4gzvfTuzmreL9/hGjz...</msg>
<status status="PASS" starttime="20190125 00:47:43.009" endtime="20190125 00:47:43.316"></status>
</kw>
<kw name="To Dict" library="MyLibrary">
<doc>unicode转换为字典</doc>
<arguments>
<arg>${resp}</arg>
</arguments>
<assign>
<var>${res}</var>
</assign>
<msg timestamp="20190125 00:47:43.317" level="INFO">${res} = {'errcode': 0, 'errmsg': '', 'objects': {'pinus': 'MIGfMA0GCSqGSIb3DQEBAQUAA4GNADCBiQKBgQCP3zBC/eQCNH9dmLN1IR1ZDqiqIJT+csfrjrIljwy2WMZaHY709a7F4ff9lTf6XoMcL/ZuwASeq0MLwMwVn3+WXWWNYjn9JemGz4gzvfTuzmreL...</msg>
<status status="PASS" starttime="20190125 00:47:43.317" endtime="20190125 00:47:43.317"></status>
</kw>
<kw name="Set Suite Variable" library="BuiltIn">
<doc>Makes a variable available everywhere within the scope of the current suite.</doc>
<arguments>
<arg>${_pinus}</arg>
<arg>${res}[objects][pinus]</arg>
</arguments>
<msg timestamp="20190125 00:47:43.318" level="INFO">${_pinus} = MIGfMA0GCSqGSIb3DQEBAQUAA4GNADCBiQKBgQCP3zBC/eQCNH9dmLN1IR1ZDqiqIJT+csfrjrIljwy2WMZaHY709a7F4ff9lTf6XoMcL/ZuwASeq0MLwMwVn3+WXWWNYjn9JemGz4gzvfTuzmreL9/hGjzYYNUFqVjFirC3b5FKl78QyFtt1nPPZ3YMUgp5iUBT8GlK...</msg>
<status status="PASS" starttime="20190125 00:47:43.317" endtime="20190125 00:47:43.318"></status>
</kw>
<kw name="Set Suite Variable" library="BuiltIn">
<doc>Makes a variable available everywhere within the scope of the current suite.</doc>
<arguments>
<arg>${_identity}</arg>
<arg>${res}[objects][X-Identity-Code]</arg>
</arguments>
<msg timestamp="20190125 00:47:43.319" level="INFO">${_identity} = jVZ/7LjXn2ILZVlBll3Td9kPzpYVb7yp4ZLDAt4ZSwA/uD4slNFNI8weMxif4+djRXzw0Xq1iG9RRLgIWKFoIVpLjwbX7xBQgasPM8uX3hgF2g+/Ws2StJ2ByHr02cdyLSw7NqT/snBywpNq2z8EeCexXfSO3tI3grG8kG3jV00=</msg>
<status status="PASS" starttime="20190125 00:47:43.318" endtime="20190125 00:47:43.319"></status>
</kw>
<status status="PASS" starttime="20190125 00:47:43.007" endtime="20190125 00:47:43.319"></status>
</kw>
<test id="s1-s1-s1-t1" name="“今日必读”聚合页">
<kw name="Setup Test" type="setup">
<kw name="Log" library="BuiltIn">
<doc>Logs the given message with the given level.</doc>
<arguments>
<arg>*-*-*-*-*-*-*-*-*-* Start Test *-*-*-*-*-*-*-*-*-*</arg>
</arguments>
<msg timestamp="20190125 00:47:43.321" level="INFO">*-*-*-*-*-*-*-*-*-* Start Test *-*-*-*-*-*-*-*-*-*</msg>
<status status="PASS" starttime="20190125 00:47:43.321" endtime="20190125 00:47:43.322"></status>
</kw>
<status status="PASS" starttime="20190125 00:47:43.321" endtime="20190125 00:47:43.322"></status>
</kw>
<kw name="Set Header">
<assign>
<var>${header}</var>
</assign>
<kw name="Get Variable Value" library="BuiltIn">
<doc>Returns variable value or ``default`` if the variable does not exist.</doc>
<arguments>
<arg>${_pinus}</arg>
</arguments>
<assign>
<var>${pinus}</var>
</assign>
<msg timestamp="20190125 00:47:43.323" level="INFO">${pinus} = MIGfMA0GCSqGSIb3DQEBAQUAA4GNADCBiQKBgQCP3zBC/eQCNH9dmLN1IR1ZDqiqIJT+csfrjrIljwy2WMZaHY709a7F4ff9lTf6XoMcL/ZuwASeq0MLwMwVn3+WXWWNYjn9JemGz4gzvfTuzmreL9/hGjzYYNUFqVjFirC3b5FKl78QyFtt1nPPZ3YMUgp5iUBT8GlK...</msg>
<status status="PASS" starttime="20190125 00:47:43.322" endtime="20190125 00:47:43.323"></status>
</kw>
<kw name="Get Variable Value" library="BuiltIn">
<doc>Returns variable value or ``default`` if the variable does not exist.</doc>
<arguments>
<arg>${_identity}</arg>
</arguments>
<assign>
<var>${identity}</var>
</assign>
<msg timestamp="20190125 00:47:43.323" level="INFO">${identity} = jVZ/7LjXn2ILZVlBll3Td9kPzpYVb7yp4ZLDAt4ZSwA/uD4slNFNI8weMxif4+djRXzw0Xq1iG9RRLgIWKFoIVpLjwbX7xBQgasPM8uX3hgF2g+/Ws2StJ2ByHr02cdyLSw7NqT/snBywpNq2z8EeCexXfSO3tI3grG8kG3jV00=</msg>
<status status="PASS" starttime="20190125 00:47:43.323" endtime="20190125 00:47:43.323"></status>
</kw>
<kw name="Create Dictionary" library="BuiltIn">
<doc>Creates and returns a dictionary based on the given ``items``.</doc>
<arguments>
<arg>authorization=${AUTH}</arg>
<arg>User-Agent=${UA}</arg>
<arg>pinus=${pinus}</arg>
<arg>x-identity-code=${identity}</arg>
</arguments>
<assign>
<var>&amp;{header}</var>
</assign>
<msg timestamp="20190125 00:47:43.324" level="INFO">&amp;{header} = { authorization=c664dcd69btYuiVokMx1vbyO7qInjs9fncpJp2WoJc3vRPZ7nA6CMFO7hHKvZx4y53H1mUxcXsARVlwgBEu4YduAYdhDK6VzVa0aJWSuS9h7U0GcJfkQ | User-Agent=patriarch/7.3 (android;8.0.0;Scale/3.0,1080*2030) | pi...</msg>
<status status="PASS" starttime="20190125 00:47:43.323" endtime="20190125 00:47:43.324"></status>
</kw>
<msg timestamp="20190125 00:47:43.324" level="INFO">${header} = {'authorization': 'c664dcd69btYuiVokMx1vbyO7qInjs9fncpJp2WoJc3vRPZ7nA6CMFO7hHKvZx4y53H1mUxcXsARVlwgBEu4YduAYdhDK6VzVa0aJWSuS9h7U0GcJfkQ', 'User-Agent': 'patriarch/7.3 (android;8.0.0;Scale/3.0,1080*203...</msg>
<status status="PASS" starttime="20190125 00:47:43.322" endtime="20190125 00:47:43.324"></status>
</kw>
<kw name="Set Variable" library="BuiltIn">
<doc>Returns the given values which can then be assigned to a variables.</doc>
<arguments>
<arg>/api/v1/pgc/today/infos?tag=1&amp;pageNum=0&amp;pageSize=20&amp;v=7.3&amp;ver=7.3&amp;channel=website&amp;deviceId=ffffffff-c7a8-b0f1-0000-0000265bc76d&amp;deviceType=MIX_2&amp;deviceVersion=8.0.0</arg>
</arguments>
<assign>
<var>${uri}</var>
</assign>
<msg timestamp="20190125 00:47:43.325" level="INFO">${uri} = /api/v1/pgc/today/infos?tag=1&amp;pageNum=0&amp;pageSize=20&amp;v=7.3&amp;ver=7.3&amp;channel=website&amp;deviceId=ffffffff-c7a8-b0f1-0000-0000265bc76d&amp;deviceType=MIX_2&amp;deviceVersion=8.0.0</msg>
<status status="PASS" starttime="20190125 00:47:43.325" endtime="20190125 00:47:43.325"></status>
</kw>
<kw name="Create List" library="BuiltIn">
<doc>Returns a list containing given items.</doc>
<arguments>
<arg>"errcode":0</arg>
<arg>objects</arg>
<arg>"headTitle":"早知道就好了"</arg>
<arg>"headSubtitle":"每天3分钟，帮孩子解决1个问题。"</arg>
<arg>"headDisplay":"· 今日为你定制</arg>
<arg>separator</arg>
<arg>articles</arg>
<arg>id</arg>
<arg>redirectUrl</arg>
<arg>title</arg>
<arg>imgUrl</arg>
<arg>viewNum</arg>
<arg>classifyName</arg>
<arg>meta</arg>
</arguments>
<assign>
<var>@{element}</var>
</assign>
<msg timestamp="20190125 00:47:43.326" level="INFO">@{element} = [ "errcode":0 | objects | "headTitle":"早知道就好了" | "headSubtitle":"每天3分钟，帮孩子解决1个问题。" | "headDisplay":"· 今日为你定制 | separator | articles | id | redirectUrl | title | imgUrl | viewNum | classifyName | meta ...</msg>
<status status="PASS" starttime="20190125 00:47:43.325" endtime="20190125 00:47:43.326"></status>
</kw>
<kw name="Get Method">
<doc>${server_addr}：服务器地址 
/api/v1/pgc/today/infos?tag=1&amp;pageNum=0&amp;pageSize=20&amp;v=7.3&amp;ver=7.3&amp;channel=website&amp;deviceId=ffffffff-c7a8-b0f1-0000-0000265bc76d&amp;deviceType=MIX_2&amp;deviceVersion=8.0.0：资源地址 
${resp_keys}：返回报文中的字段 
0=0：开始计数为0</doc>
<arguments>
<arg>${APPSERVER}</arg>
<arg>${uri}</arg>
<arg>@{element}</arg>
<arg>header=${header}</arg>
<arg>num=${NUM}</arg>
</arguments>
<kw name="Create Session" library="RequestsLibrary">
<doc>Create Session: create a HTTP session to a server</doc>
<arguments>
<arg>apitest</arg>
<arg>${serveraddr}</arg>
<arg>cookies=${cookie}</arg>
<arg>disable_warnings=1</arg>
</arguments>
<msg timestamp="20190125 00:47:43.328" level="INFO">Creating Session using : alias=apitest, url=https://appsupport.jzb.com, headers={},                     cookies=None, auth=None, timeout=None, proxies=None, verify=False,                     debug=0 </msg>
<status status="PASS" starttime="20190125 00:47:43.327" endtime="20190125 00:47:43.328"></status>
</kw>
<kw name="Get Request" library="RequestsLibrary">
<doc>Send a GET request on the session object found using the
given `alias`</doc>
<arguments>
<arg>apitest</arg>
<arg>${uri}</arg>
<arg>${header}</arg>
</arguments>
<assign>
<var>${resp}</var>
</assign>
<msg timestamp="20190125 00:47:43.719" level="INFO">Get Request using : alias=apitest, uri=/api/v1/pgc/today/infos?tag=1&amp;pageNum=0&amp;pageSize=20&amp;v=7.3&amp;ver=7.3&amp;channel=website&amp;deviceId=ffffffff-c7a8-b0f1-0000-0000265bc76d&amp;deviceType=MIX_2&amp;deviceVersion=8.0.0, headers={'authorization': 'c664dcd69btYuiVokMx1vbyO7qInjs9fncpJp2WoJc3vRPZ7nA6CMFO7hHKvZx4y53H1mUxcXsARVlwgBEu4YduAYdhDK6VzVa0aJWSuS9h7U0GcJfkQ', 'User-Agent': 'patriarch/7.3 (android;8.0.0;Scale/3.0,1080*2030)', 'pinus': 'MIGfMA0GCSqGSIb3DQEBAQUAA4GNADCBiQKBgQCP3zBC/eQCNH9dmLN1IR1ZDqiqIJT+csfrjrIljwy2WMZaHY709a7F4ff9lTf6XoMcL/ZuwASeq0MLwMwVn3+WXWWNYjn9JemGz4gzvfTuzmreL9/hGjzYYNUFqVjFirC3b5FKl78QyFtt1nPPZ3YMUgp5iUBT8GlKIXY7oVZuSQIDAQAB', 'x-identity-code': 'jVZ/7LjXn2ILZVlBll3Td9kPzpYVb7yp4ZLDAt4ZSwA/uD4slNFNI8weMxif4+djRXzw0Xq1iG9RRLgIWKFoIVpLjwbX7xBQgasPM8uX3hgF2g+/Ws2StJ2ByHr02cdyLSw7NqT/snBywpNq2z8EeCexXfSO3tI3grG8kG3jV00='} json=None</msg>
<msg timestamp="20190125 00:47:43.719" level="INFO">${resp} = &lt;Response [200]&gt;</msg>
<status status="PASS" starttime="20190125 00:47:43.328" endtime="20190125 00:47:43.719"></status>
</kw>
<kw name="Should Be True" library="BuiltIn">
<doc>Fails if the given condition is not true.</doc>
<arguments>
<arg>${resp.status_code}==200</arg>
</arguments>
<status status="PASS" starttime="20190125 00:47:43.720" endtime="20190125 00:47:43.720"></status>
</kw>
<kw name="${i} IN [ @{resp_keys} ]" type="for">
<kw name="${i} = &quot;errcode&quot;:0" type="foritem">
<kw name="Should Contain" library="BuiltIn">
<doc>Fails if ``container`` does not contain ``item`` one or more times.</doc>
<arguments>
<arg>${resp.text}</arg>
<arg>${i}</arg>
</arguments>
<msg timestamp="20190125 00:47:43.721" level="FAIL">'{"errcode":500,"errmsg":"java.lang.IllegalArgumentException: 根据分类id【null】无法查询到实体","objects":null,"meta":null}' does not contain '"errcode":0'</msg>
<status status="FAIL" starttime="20190125 00:47:43.721" endtime="20190125 00:47:43.721"></status>
</kw>
<status status="FAIL" starttime="20190125 00:47:43.721" endtime="20190125 00:47:43.722"></status>
</kw>
<status status="FAIL" starttime="20190125 00:47:43.720" endtime="20190125 00:47:43.722"></status>
</kw>
<status status="FAIL" starttime="20190125 00:47:43.327" endtime="20190125 00:47:43.722"></status>
</kw>
<kw name="Teardown Test" type="teardown">
<kw name="Log" library="BuiltIn">
<doc>Logs the given message with the given level.</doc>
<arguments>
<arg>*-*-*-*-*-*-*-*-*-* End Test *-*-*-*-*-*-*-*-*-*</arg>
</arguments>
<msg timestamp="20190125 00:47:43.723" level="INFO">*-*-*-*-*-*-*-*-*-* End Test *-*-*-*-*-*-*-*-*-*</msg>
<status status="PASS" starttime="20190125 00:47:43.723" endtime="20190125 00:47:43.723"></status>
</kw>
<kw name="Sleep" library="BuiltIn">
<doc>Pauses the test executed for the given time.</doc>
<arguments>
<arg>${DELAY}</arg>
</arguments>
<msg timestamp="20190125 00:47:44.725" level="INFO">Slept 1 second</msg>
<status status="PASS" starttime="20190125 00:47:43.724" endtime="20190125 00:47:44.725"></status>
</kw>
<status status="PASS" starttime="20190125 00:47:43.722" endtime="20190125 00:47:44.726"></status>
</kw>
<status status="FAIL" starttime="20190125 00:47:43.319" endtime="20190125 00:47:44.726" critical="yes">'{"errcode":500,"errmsg":"java.lang.IllegalArgumentException: 根据分类id【null】无法查询到实体","objects":null,"meta":null}' does not contain '"errcode":0'</status>
</test>
<kw name="Delete All Sessions" library="RequestsLibrary" type="teardown">
<doc>Removes all the session objects</doc>
<msg timestamp="20190125 00:47:44.728" level="INFO">Delete All Sessions</msg>
<status status="PASS" starttime="20190125 00:47:44.727" endtime="20190125 00:47:44.728"></status>
</kw>
<status status="FAIL" starttime="20190125 00:47:42.749" endtime="20190125 00:47:44.729"></status>
</suite>
<status status="FAIL" starttime="20190125 00:47:42.748" endtime="20190125 00:47:44.730"></status>
</suite>
<status status="FAIL" starttime="20190125 00:47:42.728" endtime="20190125 00:47:44.732"></status>
</suite>
<statistics>
<total>
<stat pass="0" fail="1">Critical Tests</stat>
<stat pass="0" fail="1">All Tests</stat>
</total>
<tag>
</tag>
<suite>
<stat pass="0" fail="1" id="s1" name="ApiTest">ApiTest</stat>
<stat pass="0" fail="1" id="s1-s1" name="APP7.3">ApiTest.APP7.3</stat>
<stat pass="0" fail="1" id="s1-s1-s1" name="App7.3 Api">ApiTest.APP7.3.App7.3 Api</stat>
</suite>
</statistics>
<errors>
</errors>
</robot>
